2021-04-14 15:52:05.877 <?xml version="1.0" encoding="UTF-8" standalone="yes"?>
<ixn:interactionDto xmlns:com="http://isis.apache.org/schema/common" xmlns:cmd="http://isis.apache.org/schema/cmd" xmlns:ixn="http://isis.apache.org/schema/ixn">
    <ixn:majorVersion>1</ixn:majorVersion>
    <ixn:minorVersion>0</ixn:minorVersion>
    <ixn:transactionId>b3a74e5f-a292-41e0-bfea-95431ffd6fe2</ixn:transactionId>
    <ixn:execution xsi:type="ixn:actionInvocationDto" interactionType="action_invocation" xmlns:xsi="http://www.w3.org/2001/XMLSchema-instance">
        <ixn:sequence>0</ixn:sequence>
        <ixn:target type="homepage.HomePageService" id="1"/>
        <ixn:logicalMemberIdentifier>homepage.HomePageService#homePage()</ixn:logicalMemberIdentifier>
        <ixn:memberIdentifier>domainapp.application.services.homepage.HomePageService#homePage()</ixn:memberIdentifier>
        <ixn:user>sven</ixn:user>
        <ixn:title>homepage.HomePageService:1: homePage()</ixn:title>
        <ixn:metrics>
            <ixn:timings>
                <com:startedAt>2021-04-14T15:52:05.551-03:00</com:startedAt>
                <com:completedAt>2021-04-14T15:52:05.703-03:00</com:completedAt>
            </ixn:timings>
            <ixn:objectCounts>
                <ixn:loaded before="0" after="0"/>
                <ixn:dirtied before="0" after="0"/>
            </ixn:objectCounts>
        </ixn:metrics>
        <ixn:parameters/>
        <ixn:returned type="reference" null="false">
            <com:reference objectState="viewModel" type="domainapp.application.services.homepage.HomePageViewModel" id="PD94bWwgdmVyc2lvbj0iMS4wIiBlbmNvZGluZz0iVVRGLTgiPz4KPG1lbWVudG8vPg=="/>
        </ixn:returned>
    </ixn:execution>
</ixn:interactionDto>

2021-04-14 15:53:01.015 <?xml version="1.0" encoding="UTF-8" standalone="yes"?>
<ixn:interactionDto xmlns:com="http://isis.apache.org/schema/common" xmlns:cmd="http://isis.apache.org/schema/cmd" xmlns:ixn="http://isis.apache.org/schema/ixn">
    <ixn:majorVersion>1</ixn:majorVersion>
    <ixn:minorVersion>0</ixn:minorVersion>
    <ixn:transactionId>721ac389-4334-4705-9a24-cfa179e5dd59</ixn:transactionId>
    <ixn:execution xsi:type="ixn:actionInvocationDto" interactionType="action_invocation" xmlns:xsi="http://www.w3.org/2001/XMLSchema-instance">
        <ixn:sequence>0</ixn:sequence>
        <ixn:target type="homepage.HomePageService" id="1"/>
        <ixn:logicalMemberIdentifier>homepage.HomePageService#homePage()</ixn:logicalMemberIdentifier>
        <ixn:memberIdentifier>domainapp.application.services.homepage.HomePageService#homePage()</ixn:memberIdentifier>
        <ixn:user>sven</ixn:user>
        <ixn:title>homepage.HomePageService:1: homePage()</ixn:title>
        <ixn:metrics>
            <ixn:timings>
                <com:startedAt>2021-04-14T15:53:00.981-03:00</com:startedAt>
                <com:completedAt>2021-04-14T15:53:00.982-03:00</com:completedAt>
            </ixn:timings>
            <ixn:objectCounts>
                <ixn:loaded before="0" after="0"/>
                <ixn:dirtied before="0" after="0"/>
            </ixn:objectCounts>
        </ixn:metrics>
        <ixn:parameters/>
        <ixn:returned type="reference" null="false">
            <com:reference objectState="viewModel" type="domainapp.application.services.homepage.HomePageViewModel" id="PD94bWwgdmVyc2lvbj0iMS4wIiBlbmNvZGluZz0iVVRGLTgiPz4KPG1lbWVudG8vPg=="/>
        </ixn:returned>
    </ixn:execution>
</ixn:interactionDto>

2021-04-14 15:53:10.822 <?xml version="1.0" encoding="UTF-8" standalone="yes"?>
<ixn:interactionDto xmlns:com="http://isis.apache.org/schema/common" xmlns:cmd="http://isis.apache.org/schema/cmd" xmlns:ixn="http://isis.apache.org/schema/ixn">
    <ixn:majorVersion>1</ixn:majorVersion>
    <ixn:minorVersion>0</ixn:minorVersion>
    <ixn:transactionId>da390b53-068b-48df-931a-ed32795498ba</ixn:transactionId>
    <ixn:execution xsi:type="ixn:actionInvocationDto" interactionType="action_invocation" xmlns:xsi="http://www.w3.org/2001/XMLSchema-instance">
        <ixn:sequence>0</ixn:sequence>
        <ixn:target type="simple.SimpleObjectMenu" id="1"/>
        <ixn:logicalMemberIdentifier>simple.SimpleObjectMenu#listAll()</ixn:logicalMemberIdentifier>
        <ixn:memberIdentifier>domainapp.modules.simple.dom.impl.SimpleObjects#listAll()</ixn:memberIdentifier>
        <ixn:user>sven</ixn:user>
        <ixn:title>simple.SimpleObjectMenu:1: listAll()</ixn:title>
        <ixn:metrics>
            <ixn:timings>
                <com:startedAt>2021-04-14T15:53:10.803-03:00</com:startedAt>
                <com:completedAt>2021-04-14T15:53:10.811-03:00</com:completedAt>
            </ixn:timings>
            <ixn:objectCounts>
                <ixn:loaded before="0" after="0"/>
                <ixn:dirtied before="0" after="0"/>
            </ixn:objectCounts>
        </ixn:metrics>
        <ixn:parameters/>
        <ixn:returned type="collection" null="false">
            <com:collection type="reference"/>
        </ixn:returned>
    </ixn:execution>
</ixn:interactionDto>

2021-04-14 15:53:14.904 <?xml version="1.0" encoding="UTF-8" standalone="yes"?>
<ixn:interactionDto xmlns:com="http://isis.apache.org/schema/common" xmlns:cmd="http://isis.apache.org/schema/cmd" xmlns:ixn="http://isis.apache.org/schema/ixn">
    <ixn:majorVersion>1</ixn:majorVersion>
    <ixn:minorVersion>0</ixn:minorVersion>
    <ixn:transactionId>0475a49a-83a0-4478-8c4f-f7d7453c8841</ixn:transactionId>
    <ixn:execution xsi:type="ixn:actionInvocationDto" interactionType="action_invocation" xmlns:xsi="http://www.w3.org/2001/XMLSchema-instance">
        <ixn:sequence>0</ixn:sequence>
        <ixn:target type="JugadorMenu" id="1"/>
        <ixn:logicalMemberIdentifier>JugadorMenu#listAll()</ixn:logicalMemberIdentifier>
        <ixn:memberIdentifier>domainapp.modules.simple.dom.jugador.JugadorServicio#listAll()</ixn:memberIdentifier>
        <ixn:user>sven</ixn:user>
        <ixn:title>JugadorMenu:1: listAll()</ixn:title>
        <ixn:metrics>
            <ixn:timings>
                <com:startedAt>2021-04-14T15:53:14.875-03:00</com:startedAt>
                <com:completedAt>2021-04-14T15:53:14.894-03:00</com:completedAt>
            </ixn:timings>
            <ixn:objectCounts>
                <ixn:loaded before="0" after="4"/>
                <ixn:dirtied before="0" after="0"/>
            </ixn:objectCounts>
        </ixn:metrics>
        <ixn:parameters/>
        <ixn:returned type="collection" null="false">
            <com:collection type="reference">
                <com:value>
                    <com:reference type="simple.Jugador" id="1"/>
                </com:value>
                <com:value>
                    <com:reference type="simple.Jugador" id="3"/>
                </com:value>
                <com:value>
                    <com:reference type="simple.Jugador" id="2"/>
                </com:value>
                <com:value>
                    <com:reference type="simple.Jugador" id="5"/>
                </com:value>
            </com:collection>
        </ixn:returned>
    </ixn:execution>
</ixn:interactionDto>

2021-04-14 15:53:30.474 <?xml version="1.0" encoding="UTF-8" standalone="yes"?>
<ixn:interactionDto xmlns:com="http://isis.apache.org/schema/common" xmlns:cmd="http://isis.apache.org/schema/cmd" xmlns:ixn="http://isis.apache.org/schema/ixn">
    <ixn:majorVersion>1</ixn:majorVersion>
    <ixn:minorVersion>0</ixn:minorVersion>
    <ixn:transactionId>a81788cc-2730-4423-94a7-40e7bc13ac65</ixn:transactionId>
    <ixn:execution xsi:type="ixn:actionInvocationDto" interactionType="action_invocation" xmlns:xsi="http://www.w3.org/2001/XMLSchema-instance">
        <ixn:sequence>0</ixn:sequence>
        <ixn:target type="JugadorMenu" id="1"/>
        <ixn:logicalMemberIdentifier>JugadorMenu#listAll()</ixn:logicalMemberIdentifier>
        <ixn:memberIdentifier>domainapp.modules.simple.dom.jugador.JugadorServicio#listAll()</ixn:memberIdentifier>
        <ixn:user>sven</ixn:user>
        <ixn:title>JugadorMenu:1: listAll()</ixn:title>
        <ixn:metrics>
            <ixn:timings>
                <com:startedAt>2021-04-14T15:53:30.446-03:00</com:startedAt>
                <com:completedAt>2021-04-14T15:53:30.456-03:00</com:completedAt>
            </ixn:timings>
            <ixn:objectCounts>
                <ixn:loaded before="0" after="4"/>
                <ixn:dirtied before="0" after="0"/>
            </ixn:objectCounts>
        </ixn:metrics>
        <ixn:parameters/>
        <ixn:returned type="collection" null="false">
            <com:collection type="reference">
                <com:value>
                    <com:reference type="simple.Jugador" id="1"/>
                </com:value>
                <com:value>
                    <com:reference type="simple.Jugador" id="3"/>
                </com:value>
                <com:value>
                    <com:reference type="simple.Jugador" id="2"/>
                </com:value>
                <com:value>
                    <com:reference type="simple.Jugador" id="5"/>
                </com:value>
            </com:collection>
        </ixn:returned>
    </ixn:execution>
</ixn:interactionDto>

2021-04-14 15:54:23.624 <?xml version="1.0" encoding="UTF-8" standalone="yes"?>
<ixn:interactionDto xmlns:com="http://isis.apache.org/schema/common" xmlns:cmd="http://isis.apache.org/schema/cmd" xmlns:ixn="http://isis.apache.org/schema/ixn">
    <ixn:majorVersion>1</ixn:majorVersion>
    <ixn:minorVersion>0</ixn:minorVersion>
    <ixn:transactionId>e1f9d9c2-ce18-471b-8d25-4315a71fd791</ixn:transactionId>
    <ixn:execution xsi:type="ixn:actionInvocationDto" interactionType="action_invocation" xmlns:xsi="http://www.w3.org/2001/XMLSchema-instance">
        <ixn:sequence>0</ixn:sequence>
        <ixn:target type="JugadorMenu" id="1"/>
        <ixn:logicalMemberIdentifier>JugadorMenu#listAll()</ixn:logicalMemberIdentifier>
        <ixn:memberIdentifier>domainapp.modules.simple.dom.jugador.JugadorServicio#listAll()</ixn:memberIdentifier>
        <ixn:user>sven</ixn:user>
        <ixn:title>JugadorMenu:1: listAll()</ixn:title>
        <ixn:metrics>
            <ixn:timings>
                <com:startedAt>2021-04-14T15:54:23.610-03:00</com:startedAt>
                <com:completedAt>2021-04-14T15:54:23.619-03:00</com:completedAt>
            </ixn:timings>
            <ixn:objectCounts>
                <ixn:loaded before="0" after="4"/>
                <ixn:dirtied before="0" after="0"/>
            </ixn:objectCounts>
        </ixn:metrics>
        <ixn:parameters/>
        <ixn:returned type="collection" null="false">
            <com:collection type="reference">
                <com:value>
                    <com:reference type="simple.Jugador" id="1"/>
                </com:value>
                <com:value>
                    <com:reference type="simple.Jugador" id="3"/>
                </com:value>
                <com:value>
                    <com:reference type="simple.Jugador" id="2"/>
                </com:value>
                <com:value>
                    <com:reference type="simple.Jugador" id="5"/>
                </com:value>
            </com:collection>
        </ixn:returned>
    </ixn:execution>
</ixn:interactionDto>

