2021-04-12 12:47:09.779 START: workQueue.size: 0, waited for: 0ms, persistenceSessionFactory#init(...)
2021-04-12 12:47:09.780 START: workQueue.size: 0, waited for: 1ms, SpecificationLoader#init()
2021-04-12 12:47:09.780 START: workQueue.size: 0, waited for: 1ms, InteractionDtoUtils.init()
2021-04-12 12:47:09.780 START: workQueue.size: 0, waited for: 1ms, ChangesDtoUtils.init()
2021-04-12 12:47:10.326 END: completed in: 546ms, ChangesDtoUtils.init()
2021-04-12 12:47:10.326 START: workQueue.size: 0, waited for: 547ms, CommandDtoUtils.init()
2021-04-12 12:47:10.458 END: completed in: 678ms, InteractionDtoUtils.init()
2021-04-12 12:47:10.463 END: completed in: 137ms, CommandDtoUtils.init()
2021-04-12 12:47:10.468 START: workQueue.size: 1, waited for: 390ms, org.apache.isis.core.runtime.system.persistence.PersistenceSessionFactory: #introspectUpTo( TYPE_INTROSPECTED )
2021-04-12 12:47:10.468 START: workQueue.size: 1, waited for: 389ms, org.apache.isis.core.runtime.system.session.IsisSessionFactory: #introspectUpTo( TYPE_INTROSPECTED )
2021-04-12 12:47:10.679 END: completed in: 212ms, org.apache.isis.core.runtime.system.session.IsisSessionFactory: #introspectUpTo( TYPE_INTROSPECTED )
2021-04-12 12:47:10.679 START: workQueue.size: 1, waited for: 601ms, org.apache.isis.core.metamodel.specloader.SpecificationLoader: #introspectUpTo( TYPE_INTROSPECTED )
2021-04-12 12:47:10.684 END: completed in: 216ms, org.apache.isis.core.runtime.system.persistence.PersistenceSessionFactory: #introspectUpTo( TYPE_INTROSPECTED )
2021-04-12 12:47:10.684 START: workQueue.size: 1, waited for: 606ms, org.apache.isis.core.runtime.authorization.standard.AuthorizationManagerStandard: #introspectUpTo( TYPE_INTROSPECTED )
2021-04-12 12:47:10.702 END: completed in: 23ms, org.apache.isis.core.metamodel.specloader.SpecificationLoader: #introspectUpTo( TYPE_INTROSPECTED )
2021-04-12 12:47:10.702 START: workQueue.size: 1, waited for: 624ms, org.apache.isis.core.runtime.authentication.standard.AuthenticationManagerStandard: #introspectUpTo( TYPE_INTROSPECTED )
2021-04-12 12:47:10.725 END: completed in: 41ms, org.apache.isis.core.runtime.authorization.standard.AuthorizationManagerStandard: #introspectUpTo( TYPE_INTROSPECTED )
2021-04-12 12:47:10.725 START: workQueue.size: 1, waited for: 647ms, org.apache.isis.core.commons.config.IsisConfigurationDefault: #introspectUpTo( TYPE_INTROSPECTED )
2021-04-12 12:47:10.728 END: completed in: 26ms, org.apache.isis.core.runtime.authentication.standard.AuthenticationManagerStandard: #introspectUpTo( TYPE_INTROSPECTED )
2021-04-12 12:47:10.729 START: workQueue.size: 1, waited for: 651ms, org.apache.isis.core.runtime.services.deplcat.DeploymentCategoryProviderDefault: #introspectUpTo( TYPE_INTROSPECTED )
2021-04-12 12:47:10.748 END: completed in: 19ms, org.apache.isis.core.runtime.services.deplcat.DeploymentCategoryProviderDefault: #introspectUpTo( TYPE_INTROSPECTED )
2021-04-12 12:47:10.749 START: workQueue.size: 1, waited for: 671ms, org.apache.isis.objectstore.jdo.datanucleus.service.eventbus.EventBusServiceJdo: #introspectUpTo( TYPE_INTROSPECTED )
2021-04-12 12:47:10.760 END: completed in: 11ms, org.apache.isis.objectstore.jdo.datanucleus.service.eventbus.EventBusServiceJdo: #introspectUpTo( TYPE_INTROSPECTED )
2021-04-12 12:47:10.760 START: workQueue.size: 1, waited for: 682ms, org.apache.isis.applib.services.queryresultscache.QueryResultsCache$Control: #introspectUpTo( TYPE_INTROSPECTED )
2021-04-12 12:47:10.762 END: completed in: 37ms, org.apache.isis.core.commons.config.IsisConfigurationDefault: #introspectUpTo( TYPE_INTROSPECTED )
2021-04-12 12:47:10.762 START: workQueue.size: 1, waited for: 684ms, domainapp.modules.simple.dom.impl.SimpleObjects: #introspectUpTo( TYPE_INTROSPECTED )
2021-04-12 12:47:10.791 END: completed in: 31ms, org.apache.isis.applib.services.queryresultscache.QueryResultsCache$Control: #introspectUpTo( TYPE_INTROSPECTED )
2021-04-12 12:47:10.792 START: workQueue.size: 1, waited for: 714ms, org.apache.isis.applib.services.fixturespec.FixtureScriptsDefault: #introspectUpTo( TYPE_INTROSPECTED )
2021-04-12 12:47:10.811 END: completed in: 49ms, domainapp.modules.simple.dom.impl.SimpleObjects: #introspectUpTo( TYPE_INTROSPECTED )
2021-04-12 12:47:10.811 START: workQueue.size: 1, waited for: 733ms, org.apache.isis.applib.services.layout.LayoutServiceMenu: #introspectUpTo( TYPE_INTROSPECTED )
2021-04-12 12:47:10.822 END: completed in: 11ms, org.apache.isis.applib.services.layout.LayoutServiceMenu: #introspectUpTo( TYPE_INTROSPECTED )
2021-04-12 12:47:10.826 END: completed in: 34ms, org.apache.isis.applib.services.fixturespec.FixtureScriptsDefault: #introspectUpTo( TYPE_INTROSPECTED )
2021-04-12 12:47:10.826 START: workQueue.size: 1, waited for: 748ms, org.apache.isis.applib.services.swagger.SwaggerServiceMenu: #introspectUpTo( TYPE_INTROSPECTED )
2021-04-12 12:47:10.828 START: workQueue.size: 1, waited for: 744ms, org.apache.isis.applib.services.metamodel.MetaModelServicesMenu: #introspectUpTo( TYPE_INTROSPECTED )
2021-04-12 12:47:10.834 END: completed in: 12ms, org.apache.isis.applib.services.metamodel.MetaModelServicesMenu: #introspectUpTo( TYPE_INTROSPECTED )
2021-04-12 12:47:10.835 START: workQueue.size: 1, waited for: 757ms, org.apache.isis.core.runtime.services.i18n.po.TranslationServicePoMenu: #introspectUpTo( TYPE_INTROSPECTED )
2021-04-12 12:47:10.836 END: completed in: 9ms, org.apache.isis.applib.services.swagger.SwaggerServiceMenu: #introspectUpTo( TYPE_INTROSPECTED )
2021-04-12 12:47:10.836 START: workQueue.size: 1, waited for: 758ms, org.apache.isis.applib.services.hsqldb.HsqlDbManagerMenu: #introspectUpTo( TYPE_INTROSPECTED )
2021-04-12 12:47:10.842 END: completed in: 6ms, org.apache.isis.applib.services.hsqldb.HsqlDbManagerMenu: #introspectUpTo( TYPE_INTROSPECTED )
2021-04-12 12:47:10.845 START: workQueue.size: 1, waited for: 767ms, org.apache.isis.applib.services.config.ConfigurationServiceMenu: #introspectUpTo( TYPE_INTROSPECTED )
2021-04-12 12:47:10.845 END: completed in: 10ms, org.apache.isis.core.runtime.services.i18n.po.TranslationServicePoMenu: #introspectUpTo( TYPE_INTROSPECTED )
2021-04-12 12:47:10.846 START: workQueue.size: 1, waited for: 767ms, org.apache.isis.applib.conmap.ContentMappingServiceForCommandDto$CopyOverFromCommand: #introspectUpTo( TYPE_INTROSPECTED )
2021-04-12 12:47:10.850 END: completed in: 5ms, org.apache.isis.applib.conmap.ContentMappingServiceForCommandDto$CopyOverFromCommand: #introspectUpTo( TYPE_INTROSPECTED )
2021-04-12 12:47:10.850 START: workQueue.size: 1, waited for: 772ms, domainapp.application.fixture.DomainAppFixtureScriptsSpecificationProvider: #introspectUpTo( TYPE_INTROSPECTED )
2021-04-12 12:47:10.854 END: completed in: 4ms, domainapp.application.fixture.DomainAppFixtureScriptsSpecificationProvider: #introspectUpTo( TYPE_INTROSPECTED )
2021-04-12 12:47:10.854 END: completed in: 9ms, org.apache.isis.applib.services.config.ConfigurationServiceMenu: #introspectUpTo( TYPE_INTROSPECTED )
2021-04-12 12:47:10.855 START: workQueue.size: 1, waited for: 777ms, domainapp.application.services.health.HealthCheckServiceImpl: #introspectUpTo( TYPE_INTROSPECTED )
2021-04-12 12:47:10.855 START: workQueue.size: 1, waited for: 777ms, domainapp.application.services.homepage.HomePageService: #introspectUpTo( TYPE_INTROSPECTED )
2021-04-12 12:47:10.862 END: completed in: 7ms, domainapp.application.services.health.HealthCheckServiceImpl: #introspectUpTo( TYPE_INTROSPECTED )
2021-04-12 12:47:10.862 START: workQueue.size: 1, waited for: 784ms, org.apache.isis.applib.services.dto.DtoMappingHelper: #introspectUpTo( TYPE_INTROSPECTED )
2021-04-12 12:47:10.869 END: completed in: 6ms, org.apache.isis.applib.services.dto.DtoMappingHelper: #introspectUpTo( TYPE_INTROSPECTED )
2021-04-12 12:47:10.869 START: workQueue.size: 1, waited for: 791ms, org.apache.isis.core.runtime.services.background.CommandExecutorServiceDefault: #introspectUpTo( TYPE_INTROSPECTED )
2021-04-12 12:47:10.872 END: completed in: 17ms, domainapp.application.services.homepage.HomePageService: #introspectUpTo( TYPE_INTROSPECTED )
2021-04-12 12:47:10.872 START: workQueue.size: 1, waited for: 794ms, org.apache.isis.core.runtime.services.menubars.MenuBarsLoaderServiceDefault: #introspectUpTo( TYPE_INTROSPECTED )
2021-04-12 12:47:10.874 END: completed in: 5ms, org.apache.isis.core.runtime.services.background.CommandExecutorServiceDefault: #introspectUpTo( TYPE_INTROSPECTED )
2021-04-12 12:47:10.875 START: workQueue.size: 1, waited for: 796ms, org.apache.isis.core.runtime.services.menubars.bootstrap3.MenuBarsServiceBS3: #introspectUpTo( TYPE_INTROSPECTED )
2021-04-12 12:47:10.882 END: completed in: 10ms, org.apache.isis.core.runtime.services.menubars.MenuBarsLoaderServiceDefault: #introspectUpTo( TYPE_INTROSPECTED )
2021-04-12 12:47:10.882 START: workQueue.size: 1, waited for: 804ms, org.apache.isis.core.runtime.services.userprof.UserProfileServiceDefault: #introspectUpTo( TYPE_INTROSPECTED )
2021-04-12 12:47:10.889 END: completed in: 15ms, org.apache.isis.core.runtime.services.menubars.bootstrap3.MenuBarsServiceBS3: #introspectUpTo( TYPE_INTROSPECTED )
2021-04-12 12:47:10.889 START: workQueue.size: 1, waited for: 811ms, org.apache.isis.viewer.restfulobjects.rendering.service.conneg.ContentNegotiationServiceXRoDomainType: #introspectUpTo( TYPE_INTROSPECTED )
2021-04-12 12:47:10.890 END: completed in: 7ms, org.apache.isis.core.runtime.services.userprof.UserProfileServiceDefault: #introspectUpTo( TYPE_INTROSPECTED )
2021-04-12 12:47:10.890 START: workQueue.size: 1, waited for: 812ms, org.apache.isis.viewer.restfulobjects.rendering.service.conneg.ContentNegotiationServiceOrgApacheIsisV1: #introspectUpTo( TYPE_INTROSPECTED )
2021-04-12 12:47:10.901 END: completed in: 10ms, org.apache.isis.viewer.restfulobjects.rendering.service.conneg.ContentNegotiationServiceOrgApacheIsisV1: #introspectUpTo( TYPE_INTROSPECTED )
2021-04-12 12:47:10.901 START: workQueue.size: 1, waited for: 823ms, org.apache.isis.core.runtime.services.message.MessageServiceDefault: #introspectUpTo( TYPE_INTROSPECTED )
2021-04-12 12:47:10.905 END: completed in: 16ms, org.apache.isis.viewer.restfulobjects.rendering.service.conneg.ContentNegotiationServiceXRoDomainType: #introspectUpTo( TYPE_INTROSPECTED )
2021-04-12 12:47:10.905 START: workQueue.size: 1, waited for: 827ms, org.apache.isis.core.runtime.services.persistsession.PersistenceSessionServiceInternalDefault: #introspectUpTo( TYPE_INTROSPECTED )
2021-04-12 12:47:10.917 END: completed in: 12ms, org.apache.isis.core.runtime.services.persistsession.PersistenceSessionServiceInternalDefault: #introspectUpTo( TYPE_INTROSPECTED )
2021-04-12 12:47:10.917 START: workQueue.size: 1, waited for: 839ms, org.apache.isis.applib.annotation.Bulk$InteractionContext: #introspectUpTo( TYPE_INTROSPECTED )
2021-04-12 12:47:10.918 END: completed in: 17ms, org.apache.isis.core.runtime.services.message.MessageServiceDefault: #introspectUpTo( TYPE_INTROSPECTED )
2021-04-12 12:47:10.918 START: workQueue.size: 1, waited for: 840ms, org.apache.isis.applib.conmap.ContentMappingServiceForCommandDto: #introspectUpTo( TYPE_INTROSPECTED )
2021-04-12 12:47:10.933 END: completed in: 16ms, org.apache.isis.applib.annotation.Bulk$InteractionContext: #introspectUpTo( TYPE_INTROSPECTED )
2021-04-12 12:47:10.934 END: completed in: 16ms, org.apache.isis.applib.conmap.ContentMappingServiceForCommandDto: #introspectUpTo( TYPE_INTROSPECTED )
2021-04-12 12:47:10.934 START: workQueue.size: 1, waited for: 856ms, org.apache.isis.applib.conmap.ContentMappingServiceForCommandsDto: #introspectUpTo( TYPE_INTROSPECTED )
2021-04-12 12:47:10.939 END: completed in: 5ms, org.apache.isis.applib.conmap.ContentMappingServiceForCommandsDto: #introspectUpTo( TYPE_INTROSPECTED )
2021-04-12 12:47:10.939 START: workQueue.size: 1, waited for: 861ms, org.apache.isis.applib.fixturescripts.ExecutionParametersService: #introspectUpTo( TYPE_INTROSPECTED )
2021-04-12 12:47:10.941 START: workQueue.size: 1, waited for: 863ms, org.apache.isis.applib.services.actinvoc.ActionInvocationContext: #introspectUpTo( TYPE_INTROSPECTED )
2021-04-12 12:47:10.950 END: completed in: 11ms, org.apache.isis.applib.fixturescripts.ExecutionParametersService: #introspectUpTo( TYPE_INTROSPECTED )
2021-04-12 12:47:10.950 START: workQueue.size: 1, waited for: 872ms, org.apache.isis.applib.services.audit.AuditerServiceLogging: #introspectUpTo( TYPE_INTROSPECTED )
2021-04-12 12:47:10.955 END: completed in: 5ms, org.apache.isis.applib.services.audit.AuditerServiceLogging: #introspectUpTo( TYPE_INTROSPECTED )
2021-04-12 12:47:10.956 START: workQueue.size: 1, waited for: 878ms, org.apache.isis.applib.services.classdiscovery.ClassDiscoveryServiceUsingReflections: #introspectUpTo( TYPE_INTROSPECTED )
2021-04-12 12:47:10.962 END: completed in: 21ms, org.apache.isis.applib.services.actinvoc.ActionInvocationContext: #introspectUpTo( TYPE_INTROSPECTED )
2021-04-12 12:47:10.963 START: workQueue.size: 1, waited for: 885ms, org.apache.isis.applib.services.clock.ClockService: #introspectUpTo( TYPE_INTROSPECTED )
2021-04-12 12:47:11.010 END: completed in: 47ms, org.apache.isis.applib.services.clock.ClockService: #introspectUpTo( TYPE_INTROSPECTED )
2021-04-12 12:47:11.011 START: workQueue.size: 1, waited for: 932ms, org.apache.isis.applib.services.command.CommandContext: #introspectUpTo( TYPE_INTROSPECTED )
2021-04-12 12:47:11.016 END: completed in: 60ms, org.apache.isis.applib.services.classdiscovery.ClassDiscoveryServiceUsingReflections: #introspectUpTo( TYPE_INTROSPECTED )
2021-04-12 12:47:11.016 START: workQueue.size: 1, waited for: 938ms, org.apache.isis.applib.services.iactn.InteractionContext: #introspectUpTo( TYPE_INTROSPECTED )
2021-04-12 12:47:11.021 END: completed in: 11ms, org.apache.isis.applib.services.command.CommandContext: #introspectUpTo( TYPE_INTROSPECTED )
2021-04-12 12:47:11.027 START: workQueue.size: 1, waited for: 949ms, org.apache.isis.applib.services.publish.PublisherServiceLogging: #introspectUpTo( TYPE_INTROSPECTED )
2021-04-12 12:47:11.030 END: completed in: 14ms, org.apache.isis.applib.services.iactn.InteractionContext: #introspectUpTo( TYPE_INTROSPECTED )
2021-04-12 12:47:11.031 START: workQueue.size: 1, waited for: 953ms, org.apache.isis.applib.services.queryresultscache.QueryResultsCache: #introspectUpTo( TYPE_INTROSPECTED )
2021-04-12 12:47:11.034 END: completed in: 7ms, org.apache.isis.applib.services.publish.PublisherServiceLogging: #introspectUpTo( TYPE_INTROSPECTED )
2021-04-12 12:47:11.034 START: workQueue.size: 1, waited for: 956ms, org.apache.isis.applib.services.routing.RoutingServiceDefault: #introspectUpTo( TYPE_INTROSPECTED )
2021-04-12 12:47:11.037 END: completed in: 6ms, org.apache.isis.applib.services.queryresultscache.QueryResultsCache: #introspectUpTo( TYPE_INTROSPECTED )
2021-04-12 12:47:11.037 START: workQueue.size: 1, waited for: 959ms, org.apache.isis.applib.services.scratchpad.Scratchpad: #introspectUpTo( TYPE_INTROSPECTED )
2021-04-12 12:47:11.038 END: completed in: 4ms, org.apache.isis.applib.services.routing.RoutingServiceDefault: #introspectUpTo( TYPE_INTROSPECTED )
2021-04-12 12:47:11.039 START: workQueue.size: 1, waited for: 961ms, org.apache.isis.applib.services.tablecol.TableColumnOrderService$Default: #introspectUpTo( TYPE_INTROSPECTED )
2021-04-12 12:47:11.042 END: completed in: 4ms, org.apache.isis.applib.services.scratchpad.Scratchpad: #introspectUpTo( TYPE_INTROSPECTED )
2021-04-12 12:47:11.042 START: workQueue.size: 1, waited for: 964ms, org.apache.isis.applib.services.urlencoding.UrlEncodingServiceUsingBaseEncoding: #introspectUpTo( TYPE_INTROSPECTED )
2021-04-12 12:47:11.046 END: completed in: 7ms, org.apache.isis.applib.services.tablecol.TableColumnOrderService$Default: #introspectUpTo( TYPE_INTROSPECTED )
2021-04-12 12:47:11.046 START: workQueue.size: 1, waited for: 968ms, org.apache.isis.core.metamodel.services.appfeat.ApplicationFeatureFactory: #introspectUpTo( TYPE_INTROSPECTED )
2021-04-12 12:47:11.046 END: completed in: 4ms, org.apache.isis.applib.services.urlencoding.UrlEncodingServiceUsingBaseEncoding: #introspectUpTo( TYPE_INTROSPECTED )
2021-04-12 12:47:11.046 START: workQueue.size: 1, waited for: 968ms, org.apache.isis.core.metamodel.services.appfeat.ApplicationFeatureRepositoryDefault: #introspectUpTo( TYPE_INTROSPECTED )
2021-04-12 12:47:11.056 END: completed in: 9ms, org.apache.isis.core.metamodel.services.appfeat.ApplicationFeatureFactory: #introspectUpTo( TYPE_INTROSPECTED )
2021-04-12 12:47:11.056 START: workQueue.size: 1, waited for: 978ms, org.apache.isis.core.metamodel.services.bookmarks.BookmarkServiceInternalDefault: #introspectUpTo( TYPE_INTROSPECTED )
2021-04-12 12:47:11.064 END: completed in: 8ms, org.apache.isis.core.metamodel.services.bookmarks.BookmarkServiceInternalDefault: #introspectUpTo( TYPE_INTROSPECTED )
2021-04-12 12:47:11.064 START: workQueue.size: 1, waited for: 986ms, org.apache.isis.core.metamodel.services.config.ConfigurationServiceDefault: #introspectUpTo( TYPE_INTROSPECTED )
2021-04-12 12:47:11.080 END: completed in: 16ms, org.apache.isis.core.metamodel.services.config.ConfigurationServiceDefault: #introspectUpTo( TYPE_INTROSPECTED )
2021-04-12 12:47:11.081 START: workQueue.size: 1, waited for: 1003ms, org.apache.isis.core.metamodel.services.container.DomainObjectContainerDefault: #introspectUpTo( TYPE_INTROSPECTED )
2021-04-12 12:47:11.085 END: completed in: 39ms, org.apache.isis.core.metamodel.services.appfeat.ApplicationFeatureRepositoryDefault: #introspectUpTo( TYPE_INTROSPECTED )
2021-04-12 12:47:11.085 START: workQueue.size: 1, waited for: 1007ms, org.apache.isis.core.metamodel.services.factory.FactoryServiceInternalDefault: #introspectUpTo( TYPE_INTROSPECTED )
2021-04-12 12:47:11.090 END: completed in: 5ms, org.apache.isis.core.metamodel.services.factory.FactoryServiceInternalDefault: #introspectUpTo( TYPE_INTROSPECTED )
2021-04-12 12:47:11.090 START: workQueue.size: 1, waited for: 1012ms, org.apache.isis.core.metamodel.services.grid.GridLoaderServiceDefault: #introspectUpTo( TYPE_INTROSPECTED )
2021-04-12 12:47:11.106 END: completed in: 16ms, org.apache.isis.core.metamodel.services.grid.GridLoaderServiceDefault: #introspectUpTo( TYPE_INTROSPECTED )
2021-04-12 12:47:11.106 START: workQueue.size: 1, waited for: 1028ms, org.apache.isis.core.metamodel.services.grid.GridServiceDefault: #introspectUpTo( TYPE_INTROSPECTED )
2021-04-12 12:47:11.120 END: completed in: 14ms, org.apache.isis.core.metamodel.services.grid.GridServiceDefault: #introspectUpTo( TYPE_INTROSPECTED )
2021-04-12 12:47:11.120 START: workQueue.size: 1, waited for: 1042ms, org.apache.isis.core.metamodel.services.grid.bootstrap3.GridSystemServiceBS3: #introspectUpTo( TYPE_INTROSPECTED )
2021-04-12 12:47:11.133 END: completed in: 52ms, org.apache.isis.core.metamodel.services.container.DomainObjectContainerDefault: #introspectUpTo( TYPE_INTROSPECTED )
2021-04-12 12:47:11.139 START: workQueue.size: 1, waited for: 1061ms, org.apache.isis.core.metamodel.services.layout.LayoutServiceDefault: #introspectUpTo( TYPE_INTROSPECTED )
2021-04-12 12:47:11.144 END: completed in: 24ms, org.apache.isis.core.metamodel.services.grid.bootstrap3.GridSystemServiceBS3: #introspectUpTo( TYPE_INTROSPECTED )
2021-04-12 12:47:11.144 START: workQueue.size: 1, waited for: 1066ms, org.apache.isis.core.metamodel.services.message.MessageServiceNoop: #introspectUpTo( TYPE_INTROSPECTED )
2021-04-12 12:47:11.148 END: completed in: 9ms, org.apache.isis.core.metamodel.services.layout.LayoutServiceDefault: #introspectUpTo( TYPE_INTROSPECTED )
2021-04-12 12:47:11.148 START: workQueue.size: 1, waited for: 1070ms, org.apache.isis.core.metamodel.services.metamodel.MetaModelServiceDefault: #introspectUpTo( TYPE_INTROSPECTED )
2021-04-12 12:47:11.150 END: completed in: 5ms, org.apache.isis.core.metamodel.services.message.MessageServiceNoop: #introspectUpTo( TYPE_INTROSPECTED )
2021-04-12 12:47:11.150 START: workQueue.size: 1, waited for: 1072ms, org.apache.isis.core.metamodel.services.persistsession.PersistenceSessionServiceInternalNoop: #introspectUpTo( TYPE_INTROSPECTED )
2021-04-12 12:47:11.162 END: completed in: 12ms, org.apache.isis.core.metamodel.services.persistsession.PersistenceSessionServiceInternalNoop: #introspectUpTo( TYPE_INTROSPECTED )
2021-04-12 12:47:11.162 START: workQueue.size: 1, waited for: 1084ms, org.apache.isis.core.metamodel.services.registry.ServiceRegistryDefault: #introspectUpTo( TYPE_INTROSPECTED )
2021-04-12 12:47:11.168 END: completed in: 6ms, org.apache.isis.core.metamodel.services.registry.ServiceRegistryDefault: #introspectUpTo( TYPE_INTROSPECTED )
2021-04-12 12:47:11.169 START: workQueue.size: 1, waited for: 1091ms, org.apache.isis.core.metamodel.services.repository.RepositoryServiceInternalDefault: #introspectUpTo( TYPE_INTROSPECTED )
2021-04-12 12:47:11.177 END: completed in: 8ms, org.apache.isis.core.metamodel.services.repository.RepositoryServiceInternalDefault: #introspectUpTo( TYPE_INTROSPECTED )
2021-04-12 12:47:11.177 START: workQueue.size: 1, waited for: 1099ms, org.apache.isis.core.metamodel.services.swagger.SwaggerServiceDefault: #introspectUpTo( TYPE_INTROSPECTED )
2021-04-12 12:47:11.182 END: completed in: 5ms, org.apache.isis.core.metamodel.services.swagger.SwaggerServiceDefault: #introspectUpTo( TYPE_INTROSPECTED )
2021-04-12 12:47:11.182 START: workQueue.size: 1, waited for: 1104ms, org.apache.isis.core.metamodel.services.title.TitleServiceDefault: #introspectUpTo( TYPE_INTROSPECTED )
2021-04-12 12:47:11.187 END: completed in: 5ms, org.apache.isis.core.metamodel.services.title.TitleServiceDefault: #introspectUpTo( TYPE_INTROSPECTED )
2021-04-12 12:47:11.187 START: workQueue.size: 1, waited for: 1109ms, org.apache.isis.core.metamodel.services.user.UserServiceDefault: #introspectUpTo( TYPE_INTROSPECTED )
2021-04-12 12:47:11.192 END: completed in: 5ms, org.apache.isis.core.metamodel.services.user.UserServiceDefault: #introspectUpTo( TYPE_INTROSPECTED )
2021-04-12 12:47:11.193 START: workQueue.size: 1, waited for: 1115ms, org.apache.isis.core.metamodel.services.user.UserServiceDefault$SudoServiceSpi: #introspectUpTo( TYPE_INTROSPECTED )
2021-04-12 12:47:11.200 END: completed in: 7ms, org.apache.isis.core.metamodel.services.user.UserServiceDefault$SudoServiceSpi: #introspectUpTo( TYPE_INTROSPECTED )
2021-04-12 12:47:11.201 START: workQueue.size: 1, waited for: 1123ms, org.apache.isis.core.metamodel.services.xactn.TransactionServiceDefault: #introspectUpTo( TYPE_INTROSPECTED )
2021-04-12 12:47:11.211 END: completed in: 63ms, org.apache.isis.core.metamodel.services.metamodel.MetaModelServiceDefault: #introspectUpTo( TYPE_INTROSPECTED )
2021-04-12 12:47:11.214 END: completed in: 13ms, org.apache.isis.core.metamodel.services.xactn.TransactionServiceDefault: #introspectUpTo( TYPE_INTROSPECTED )
2021-04-12 12:47:11.214 START: workQueue.size: 1, waited for: 1136ms, org.apache.isis.core.runtime.services.auditing.AuditingServiceInternal: #introspectUpTo( TYPE_INTROSPECTED )
2021-04-12 12:47:11.215 START: workQueue.size: 1, waited for: 1137ms, org.apache.isis.core.runtime.services.authsess.AuthenticationSessionProviderDefault: #introspectUpTo( TYPE_INTROSPECTED )
2021-04-12 12:47:11.219 END: completed in: 5ms, org.apache.isis.core.runtime.services.auditing.AuditingServiceInternal: #introspectUpTo( TYPE_INTROSPECTED )
2021-04-12 12:47:11.219 START: workQueue.size: 1, waited for: 1141ms, org.apache.isis.core.runtime.services.background.BackgroundServiceDefault: #introspectUpTo( TYPE_INTROSPECTED )
2021-04-12 12:47:11.220 END: completed in: 5ms, org.apache.isis.core.runtime.services.authsess.AuthenticationSessionProviderDefault: #introspectUpTo( TYPE_INTROSPECTED )
2021-04-12 12:47:11.223 START: workQueue.size: 1, waited for: 1145ms, org.apache.isis.core.runtime.services.changes.ChangedObjectsServiceInternal: #introspectUpTo( TYPE_INTROSPECTED )
2021-04-12 12:47:11.226 END: completed in: 6ms, org.apache.isis.core.runtime.services.background.BackgroundServiceDefault: #introspectUpTo( TYPE_INTROSPECTED )
2021-04-12 12:47:11.227 START: workQueue.size: 1, waited for: 1148ms, org.apache.isis.core.runtime.services.command.CommandDtoServiceInternalDefault: #introspectUpTo( TYPE_INTROSPECTED )
2021-04-12 12:47:11.232 END: completed in: 6ms, org.apache.isis.core.runtime.services.command.CommandDtoServiceInternalDefault: #introspectUpTo( TYPE_INTROSPECTED )
2021-04-12 12:47:11.233 START: workQueue.size: 1, waited for: 1154ms, org.apache.isis.core.runtime.services.command.CommandServiceDefault: #introspectUpTo( TYPE_INTROSPECTED )
2021-04-12 12:47:11.233 END: completed in: 10ms, org.apache.isis.core.runtime.services.changes.ChangedObjectsServiceInternal: #introspectUpTo( TYPE_INTROSPECTED )
2021-04-12 12:47:11.233 START: workQueue.size: 1, waited for: 1155ms, org.apache.isis.core.runtime.services.email.EmailServiceDefault: #introspectUpTo( TYPE_INTROSPECTED )
2021-04-12 12:47:11.241 END: completed in: 9ms, org.apache.isis.core.runtime.services.command.CommandServiceDefault: #introspectUpTo( TYPE_INTROSPECTED )
2021-04-12 12:47:11.241 START: workQueue.size: 1, waited for: 1163ms, org.apache.isis.core.runtime.services.homepage.HomePageProviderServiceDefault: #introspectUpTo( TYPE_INTROSPECTED )
2021-04-12 12:47:11.245 END: completed in: 4ms, org.apache.isis.core.runtime.services.homepage.HomePageProviderServiceDefault: #introspectUpTo( TYPE_INTROSPECTED )
2021-04-12 12:47:11.246 START: workQueue.size: 1, waited for: 1168ms, org.apache.isis.core.runtime.services.i18n.po.TranslationServicePo: #introspectUpTo( TYPE_INTROSPECTED )
2021-04-12 12:47:11.246 END: completed in: 13ms, org.apache.isis.core.runtime.services.email.EmailServiceDefault: #introspectUpTo( TYPE_INTROSPECTED )
2021-04-12 12:47:11.252 END: completed in: 6ms, org.apache.isis.core.runtime.services.i18n.po.TranslationServicePo: #introspectUpTo( TYPE_INTROSPECTED )
2021-04-12 12:47:11.252 START: workQueue.size: 1, waited for: 1174ms, org.apache.isis.core.runtime.services.ixn.InteractionDtoServiceInternalDefault: #introspectUpTo( TYPE_INTROSPECTED )
2021-04-12 12:47:11.258 START: workQueue.size: 1, waited for: 1180ms, org.apache.isis.core.runtime.services.memento.MementoServiceDefault: #introspectUpTo( TYPE_INTROSPECTED )
2021-04-12 12:47:11.264 END: completed in: 6ms, org.apache.isis.core.runtime.services.memento.MementoServiceDefault: #introspectUpTo( TYPE_INTROSPECTED )
2021-04-12 12:47:11.264 START: workQueue.size: 1, waited for: 1186ms, org.apache.isis.core.runtime.services.metrics.MetricsServiceDefault: #introspectUpTo( TYPE_INTROSPECTED )
2021-04-12 12:47:11.270 END: completed in: 6ms, org.apache.isis.core.runtime.services.metrics.MetricsServiceDefault: #introspectUpTo( TYPE_INTROSPECTED )
2021-04-12 12:47:11.270 START: workQueue.size: 1, waited for: 1192ms, org.apache.isis.core.runtime.services.publish.PublishingServiceInternalDefault: #introspectUpTo( TYPE_INTROSPECTED )
2021-04-12 12:47:11.274 END: completed in: 22ms, org.apache.isis.core.runtime.services.ixn.InteractionDtoServiceInternalDefault: #introspectUpTo( TYPE_INTROSPECTED )
2021-04-12 12:47:11.274 START: workQueue.size: 1, waited for: 1196ms, org.apache.isis.core.runtime.services.sessmgmt.SessionManagementServiceDefault: #introspectUpTo( TYPE_INTROSPECTED )
2021-04-12 12:47:11.280 END: completed in: 10ms, org.apache.isis.core.runtime.services.publish.PublishingServiceInternalDefault: #introspectUpTo( TYPE_INTROSPECTED )
2021-04-12 12:47:11.280 START: workQueue.size: 1, waited for: 1202ms, org.apache.isis.core.runtime.services.sudo.SudoServiceDefault: #introspectUpTo( TYPE_INTROSPECTED )
2021-04-12 12:47:11.280 END: completed in: 6ms, org.apache.isis.core.runtime.services.sessmgmt.SessionManagementServiceDefault: #introspectUpTo( TYPE_INTROSPECTED )
2021-04-12 12:47:11.284 START: workQueue.size: 1, waited for: 1206ms, org.apache.isis.core.runtime.services.userreg.EmailNotificationServiceDefault: #introspectUpTo( TYPE_INTROSPECTED )
2021-04-12 12:47:11.285 END: completed in: 5ms, org.apache.isis.core.runtime.services.sudo.SudoServiceDefault: #introspectUpTo( TYPE_INTROSPECTED )
2021-04-12 12:47:11.286 START: workQueue.size: 1, waited for: 1208ms, org.apache.isis.core.runtime.services.xmlsnapshot.XmlSnapshotServiceDefault: #introspectUpTo( TYPE_INTROSPECTED )
2021-04-12 12:47:11.289 END: completed in: 5ms, org.apache.isis.core.runtime.services.userreg.EmailNotificationServiceDefault: #introspectUpTo( TYPE_INTROSPECTED )
2021-04-12 12:47:11.290 START: workQueue.size: 1, waited for: 1212ms, org.apache.isis.core.wrapper.WrapperFactoryDefault: #introspectUpTo( TYPE_INTROSPECTED )
2021-04-12 12:47:11.291 END: completed in: 5ms, org.apache.isis.core.runtime.services.xmlsnapshot.XmlSnapshotServiceDefault: #introspectUpTo( TYPE_INTROSPECTED )
2021-04-12 12:47:11.291 START: workQueue.size: 1, waited for: 1213ms, org.apache.isis.objectstore.jdo.applib.service.exceprecog.ExceptionRecognizerCompositeForJdoObjectStore: #introspectUpTo( TYPE_INTROSPECTED )
2021-04-12 12:47:11.303 END: completed in: 10ms, org.apache.isis.objectstore.jdo.applib.service.exceprecog.ExceptionRecognizerCompositeForJdoObjectStore: #introspectUpTo( TYPE_INTROSPECTED )
2021-04-12 12:47:11.303 START: workQueue.size: 1, waited for: 1225ms, org.apache.isis.objectstore.jdo.datanucleus.service.support.IsisJdoSupportImpl: #introspectUpTo( TYPE_INTROSPECTED )
2021-04-12 12:47:11.304 END: completed in: 14ms, org.apache.isis.core.wrapper.WrapperFactoryDefault: #introspectUpTo( TYPE_INTROSPECTED )
2021-04-12 12:47:11.304 START: workQueue.size: 1, waited for: 1226ms, org.apache.isis.objectstore.jdo.datanucleus.service.support.TimestampService: #introspectUpTo( TYPE_INTROSPECTED )
2021-04-12 12:47:11.309 END: completed in: 5ms, org.apache.isis.objectstore.jdo.datanucleus.service.support.TimestampService: #introspectUpTo( TYPE_INTROSPECTED )
2021-04-12 12:47:11.309 START: workQueue.size: 1, waited for: 1231ms, org.apache.isis.schema.services.jaxb.JaxbServiceDefault: #introspectUpTo( TYPE_INTROSPECTED )
2021-04-12 12:47:11.311 END: completed in: 7ms, org.apache.isis.objectstore.jdo.datanucleus.service.support.IsisJdoSupportImpl: #introspectUpTo( TYPE_INTROSPECTED )
2021-04-12 12:47:11.311 START: workQueue.size: 1, waited for: 1233ms, org.apache.isis.viewer.restfulobjects.rendering.service.RepresentationServiceContentNegotiator: #introspectUpTo( TYPE_INTROSPECTED )
2021-04-12 12:47:11.317 END: completed in: 6ms, org.apache.isis.viewer.restfulobjects.rendering.service.RepresentationServiceContentNegotiator: #introspectUpTo( TYPE_INTROSPECTED )
2021-04-12 12:47:11.318 START: workQueue.size: 1, waited for: 1240ms, org.apache.isis.viewer.restfulobjects.rendering.service.RepresentationServiceForRestfulObjects: #introspectUpTo( TYPE_INTROSPECTED )
2021-04-12 12:47:11.325 END: completed in: 16ms, org.apache.isis.schema.services.jaxb.JaxbServiceDefault: #introspectUpTo( TYPE_INTROSPECTED )
2021-04-12 12:47:11.326 END: completed in: 8ms, org.apache.isis.viewer.restfulobjects.rendering.service.RepresentationServiceForRestfulObjects: #introspectUpTo( TYPE_INTROSPECTED )
2021-04-12 12:47:11.326 START: workQueue.size: 1, waited for: 1248ms, org.apache.isis.viewer.restfulobjects.rendering.service.acceptheader.AcceptHeaderServiceForRest: #introspectUpTo( TYPE_INTROSPECTED )
2021-04-12 12:47:11.334 START: workQueue.size: 1, waited for: 1256ms, org.apache.isis.viewer.restfulobjects.rendering.service.conneg.ContentNegotiationServiceForRestfulObjectsV1_0: #introspectUpTo( TYPE_INTROSPECTED )
2021-04-12 12:47:11.334 END: completed in: 8ms, org.apache.isis.viewer.restfulobjects.rendering.service.acceptheader.AcceptHeaderServiceForRest: #introspectUpTo( TYPE_INTROSPECTED )
2021-04-12 12:47:11.334 START: workQueue.size: 1, waited for: 1256ms, org.apache.isis.viewer.wicket.viewer.services.BookmarkUiServiceWicket: #introspectUpTo( TYPE_INTROSPECTED )
2021-04-12 12:47:11.341 END: completed in: 7ms, org.apache.isis.viewer.restfulobjects.rendering.service.conneg.ContentNegotiationServiceForRestfulObjectsV1_0: #introspectUpTo( TYPE_INTROSPECTED )
2021-04-12 12:47:11.341 START: workQueue.size: 1, waited for: 1263ms, org.apache.isis.viewer.wicket.viewer.services.DeepLinkServiceWicket: #introspectUpTo( TYPE_INTROSPECTED )
2021-04-12 12:47:11.349 END: completed in: 15ms, org.apache.isis.viewer.wicket.viewer.services.BookmarkUiServiceWicket: #introspectUpTo( TYPE_INTROSPECTED )
2021-04-12 12:47:11.350 START: workQueue.size: 1, waited for: 1272ms, org.apache.isis.viewer.wicket.viewer.services.GuiceBeanProviderWicket: #introspectUpTo( TYPE_INTROSPECTED )
2021-04-12 12:47:11.352 END: completed in: 11ms, org.apache.isis.viewer.wicket.viewer.services.DeepLinkServiceWicket: #introspectUpTo( TYPE_INTROSPECTED )
2021-04-12 12:47:11.352 START: workQueue.size: 1, waited for: 1274ms, org.apache.isis.viewer.wicket.viewer.services.HintStoreUsingWicketSession: #introspectUpTo( TYPE_INTROSPECTED )
2021-04-12 12:47:11.355 END: completed in: 5ms, org.apache.isis.viewer.wicket.viewer.services.GuiceBeanProviderWicket: #introspectUpTo( TYPE_INTROSPECTED )
2021-04-12 12:47:11.355 START: workQueue.size: 1, waited for: 1277ms, org.apache.isis.viewer.wicket.viewer.services.LocaleProviderWicket: #introspectUpTo( TYPE_INTROSPECTED )
2021-04-12 12:47:11.367 END: completed in: 12ms, org.apache.isis.viewer.wicket.viewer.services.LocaleProviderWicket: #introspectUpTo( TYPE_INTROSPECTED )
2021-04-12 12:47:11.368 START: workQueue.size: 1, waited for: 1290ms, org.apache.isis.viewer.wicket.viewer.services.TranslationsResolverWicket: #introspectUpTo( TYPE_INTROSPECTED )
2021-04-12 12:47:11.371 END: completed in: 18ms, org.apache.isis.viewer.wicket.viewer.services.HintStoreUsingWicketSession: #introspectUpTo( TYPE_INTROSPECTED )
2021-04-12 12:47:11.371 START: workQueue.size: 1, waited for: 1293ms, org.apache.isis.core.metamodel.services.jdosupport.Persistable_datanucleusIdLong: #introspectUpTo( TYPE_INTROSPECTED )
2021-04-12 12:47:11.373 END: completed in: 5ms, org.apache.isis.viewer.wicket.viewer.services.TranslationsResolverWicket: #introspectUpTo( TYPE_INTROSPECTED )
2021-04-12 12:47:11.385 START: workQueue.size: 1, waited for: 1307ms, org.apache.isis.viewer.wicket.viewer.services.Object_clearHints: #introspectUpTo( TYPE_INTROSPECTED )
2021-04-12 12:47:11.385 END: completed in: 14ms, org.apache.isis.core.metamodel.services.jdosupport.Persistable_datanucleusIdLong: #introspectUpTo( TYPE_INTROSPECTED )
2021-04-12 12:47:11.386 START: workQueue.size: 1, waited for: 1308ms, org.apache.isis.core.metamodel.services.jdosupport.Persistable_datanucleusVersionLong: #introspectUpTo( TYPE_INTROSPECTED )
2021-04-12 12:47:11.390 END: completed in: 5ms, org.apache.isis.viewer.wicket.viewer.services.Object_clearHints: #introspectUpTo( TYPE_INTROSPECTED )
2021-04-12 12:47:11.391 START: workQueue.size: 1, waited for: 1312ms, org.apache.isis.applib.services.layout.Object_downloadLayoutXml: #introspectUpTo( TYPE_INTROSPECTED )
2021-04-12 12:47:11.390 END: completed in: 4ms, org.apache.isis.core.metamodel.services.jdosupport.Persistable_datanucleusVersionLong: #introspectUpTo( TYPE_INTROSPECTED )
2021-04-12 12:47:11.392 START: workQueue.size: 1, waited for: 1314ms, org.apache.isis.applib.services.bookmark.BookmarkHolder_object: #introspectUpTo( TYPE_INTROSPECTED )
2021-04-12 12:47:11.396 END: completed in: 6ms, org.apache.isis.applib.services.layout.Object_downloadLayoutXml: #introspectUpTo( TYPE_INTROSPECTED )
2021-04-12 12:47:11.397 START: workQueue.size: 1, waited for: 1319ms, org.apache.isis.applib.services.layout.Object_openRestApi: #introspectUpTo( TYPE_INTROSPECTED )
2021-04-12 12:47:11.398 END: completed in: 6ms, org.apache.isis.applib.services.bookmark.BookmarkHolder_object: #introspectUpTo( TYPE_INTROSPECTED )
2021-04-12 12:47:11.398 START: workQueue.size: 1, waited for: 1320ms, org.apache.isis.core.metamodel.services.jdosupport.Persistable_downloadJdoMetadata: #introspectUpTo( TYPE_INTROSPECTED )
2021-04-12 12:47:11.412 END: completed in: 15ms, org.apache.isis.applib.services.layout.Object_openRestApi: #introspectUpTo( TYPE_INTROSPECTED )
2021-04-12 12:47:11.412 START: workQueue.size: 1, waited for: 1334ms, org.apache.isis.applib.services.layout.Object_rebuildMetamodel: #introspectUpTo( TYPE_INTROSPECTED )
2021-04-12 12:47:11.415 END: completed in: 17ms, org.apache.isis.core.metamodel.services.jdosupport.Persistable_downloadJdoMetadata: #introspectUpTo( TYPE_INTROSPECTED )
2021-04-12 12:47:11.415 START: workQueue.size: 1, waited for: 1337ms, org.apache.isis.applib.services.dto.Dto_downloadXsd: #introspectUpTo( TYPE_INTROSPECTED )
2021-04-12 12:47:11.416 END: completed in: 4ms, org.apache.isis.applib.services.layout.Object_rebuildMetamodel: #introspectUpTo( TYPE_INTROSPECTED )
2021-04-12 12:47:11.417 START: workQueue.size: 1, waited for: 1339ms, org.apache.isis.core.metamodel.services.jdosupport.Persistable_datanucleusVersionTimestamp: #introspectUpTo( TYPE_INTROSPECTED )
2021-04-12 12:47:11.420 END: completed in: 4ms, org.apache.isis.applib.services.dto.Dto_downloadXsd: #introspectUpTo( TYPE_INTROSPECTED )
2021-04-12 12:47:11.420 START: workQueue.size: 1, waited for: 1342ms, org.apache.isis.applib.services.bookmark.BookmarkHolder_lookup: #introspectUpTo( TYPE_INTROSPECTED )
2021-04-12 12:47:11.424 END: completed in: 7ms, org.apache.isis.core.metamodel.services.jdosupport.Persistable_datanucleusVersionTimestamp: #introspectUpTo( TYPE_INTROSPECTED )
2021-04-12 12:47:11.424 START: workQueue.size: 1, waited for: 1346ms, org.apache.isis.applib.services.dto.Dto_downloadXml: #introspectUpTo( TYPE_INTROSPECTED )
2021-04-12 12:47:11.429 END: completed in: 5ms, org.apache.isis.applib.services.dto.Dto_downloadXml: #introspectUpTo( TYPE_INTROSPECTED )
2021-04-12 12:47:11.429 START: workQueue.size: 1, waited for: 1351ms, java.lang.String: #introspectUpTo( TYPE_INTROSPECTED )
2021-04-12 12:47:11.433 END: completed in: 13ms, org.apache.isis.applib.services.bookmark.BookmarkHolder_lookup: #introspectUpTo( TYPE_INTROSPECTED )
2021-04-12 12:47:11.434 START: workQueue.size: 1, waited for: 1355ms, byte: #introspectUpTo( TYPE_INTROSPECTED )
2021-04-12 12:47:11.463 END: completed in: 30ms, byte: #introspectUpTo( TYPE_INTROSPECTED )
2021-04-12 12:47:11.464 START: workQueue.size: 1, waited for: 1386ms, java.lang.Byte: #introspectUpTo( TYPE_INTROSPECTED )
2021-04-12 12:47:11.498 END: completed in: 34ms, java.lang.Byte: #introspectUpTo( TYPE_INTROSPECTED )
2021-04-12 12:47:11.498 START: workQueue.size: 1, waited for: 1420ms, short: #introspectUpTo( TYPE_INTROSPECTED )
2021-04-12 12:47:11.500 END: completed in: 2ms, short: #introspectUpTo( TYPE_INTROSPECTED )
2021-04-12 12:47:11.500 START: workQueue.size: 1, waited for: 1422ms, java.lang.Short: #introspectUpTo( TYPE_INTROSPECTED )
2021-04-12 12:47:11.518 END: completed in: 89ms, java.lang.String: #introspectUpTo( TYPE_INTROSPECTED )
2021-04-12 12:47:11.518 START: workQueue.size: 1, waited for: 1440ms, int: #introspectUpTo( TYPE_INTROSPECTED )
2021-04-12 12:47:11.520 END: completed in: 2ms, int: #introspectUpTo( TYPE_INTROSPECTED )
2021-04-12 12:47:11.520 START: workQueue.size: 1, waited for: 1442ms, java.lang.Integer: #introspectUpTo( TYPE_INTROSPECTED )
2021-04-12 12:47:11.525 END: completed in: 24ms, java.lang.Short: #introspectUpTo( TYPE_INTROSPECTED )
2021-04-12 12:47:11.525 START: workQueue.size: 1, waited for: 1447ms, long: #introspectUpTo( TYPE_INTROSPECTED )
2021-04-12 12:47:11.527 END: completed in: 1ms, long: #introspectUpTo( TYPE_INTROSPECTED )
2021-04-12 12:47:11.527 START: workQueue.size: 1, waited for: 1449ms, java.lang.Long: #introspectUpTo( TYPE_INTROSPECTED )
2021-04-12 12:47:11.555 END: completed in: 35ms, java.lang.Integer: #introspectUpTo( TYPE_INTROSPECTED )
2021-04-12 12:47:11.556 START: workQueue.size: 1, waited for: 1478ms, char: #introspectUpTo( TYPE_INTROSPECTED )
2021-04-12 12:47:11.564 END: completed in: 7ms, char: #introspectUpTo( TYPE_INTROSPECTED )
2021-04-12 12:47:11.564 START: workQueue.size: 1, waited for: 1486ms, java.lang.Character: #introspectUpTo( TYPE_INTROSPECTED )
2021-04-12 12:47:11.577 END: completed in: 50ms, java.lang.Long: #introspectUpTo( TYPE_INTROSPECTED )
2021-04-12 12:47:11.577 START: workQueue.size: 1, waited for: 1499ms, boolean: #introspectUpTo( TYPE_INTROSPECTED )
2021-04-12 12:47:11.579 END: completed in: 2ms, boolean: #introspectUpTo( TYPE_INTROSPECTED )
2021-04-12 12:47:11.579 START: workQueue.size: 1, waited for: 1501ms, java.lang.Boolean: #introspectUpTo( TYPE_INTROSPECTED )
2021-04-12 12:47:11.595 END: completed in: 16ms, java.lang.Boolean: #introspectUpTo( TYPE_INTROSPECTED )
2021-04-12 12:47:11.595 START: workQueue.size: 1, waited for: 1517ms, float: #introspectUpTo( TYPE_INTROSPECTED )
2021-04-12 12:47:11.597 END: completed in: 2ms, float: #introspectUpTo( TYPE_INTROSPECTED )
2021-04-12 12:47:11.597 START: workQueue.size: 1, waited for: 1519ms, java.lang.Float: #introspectUpTo( TYPE_INTROSPECTED )
2021-04-12 12:47:11.661 END: completed in: 64ms, java.lang.Float: #introspectUpTo( TYPE_INTROSPECTED )
2021-04-12 12:47:11.664 START: workQueue.size: 1, waited for: 1586ms, double: #introspectUpTo( TYPE_INTROSPECTED )
2021-04-12 12:47:11.669 END: completed in: 5ms, double: #introspectUpTo( TYPE_INTROSPECTED )
2021-04-12 12:47:11.669 START: workQueue.size: 1, waited for: 1591ms, java.lang.Double: #introspectUpTo( TYPE_INTROSPECTED )
2021-04-12 12:47:11.679 END: completed in: 115ms, java.lang.Character: #introspectUpTo( TYPE_INTROSPECTED )
2021-04-12 12:47:11.679 START: workQueue.size: 1, waited for: 1601ms, java.math.BigInteger: #introspectUpTo( TYPE_INTROSPECTED )
2021-04-12 12:47:11.728 END: completed in: 59ms, java.lang.Double: #introspectUpTo( TYPE_INTROSPECTED )
2021-04-12 12:47:11.728 START: workQueue.size: 1, waited for: 1650ms, java.math.BigDecimal: #introspectUpTo( TYPE_INTROSPECTED )
2021-04-12 12:47:11.730 END: completed in: 51ms, java.math.BigInteger: #introspectUpTo( TYPE_INTROSPECTED )
2021-04-12 12:47:11.735 START: workQueue.size: 1, waited for: 1657ms, org.joda.time.DateTime: #introspectUpTo( TYPE_INTROSPECTED )
2021-04-12 12:47:11.852 END: completed in: 123ms, java.math.BigDecimal: #introspectUpTo( TYPE_INTROSPECTED )
2021-04-12 12:47:11.861 START: workQueue.size: 1, waited for: 1782ms, org.joda.time.LocalDateTime: #introspectUpTo( TYPE_INTROSPECTED )
2021-04-12 12:47:11.989 END: completed in: 254ms, org.joda.time.DateTime: #introspectUpTo( TYPE_INTROSPECTED )
2021-04-12 12:47:11.990 START: workQueue.size: 1, waited for: 1912ms, org.joda.time.LocalDate: #introspectUpTo( TYPE_INTROSPECTED )
2021-04-12 12:47:12.052 END: completed in: 61ms, org.joda.time.LocalDate: #introspectUpTo( TYPE_INTROSPECTED )
2021-04-12 12:47:12.052 START: workQueue.size: 1, waited for: 1974ms, org.joda.time.LocalTime: #introspectUpTo( TYPE_INTROSPECTED )
2021-04-12 12:47:12.093 END: completed in: 233ms, org.joda.time.LocalDateTime: #introspectUpTo( TYPE_INTROSPECTED )
2021-04-12 12:47:12.096 END: completed in: 43ms, org.joda.time.LocalTime: #introspectUpTo( TYPE_INTROSPECTED )
2021-04-12 12:47:12.096 START: workQueue.size: 1, waited for: 2018ms, java.sql.Timestamp: #introspectUpTo( TYPE_INTROSPECTED )
2021-04-12 12:47:12.103 START: workQueue.size: 1, waited for: 2025ms, org.apache.isis.applib.value.Blob: #introspectUpTo( TYPE_INTROSPECTED )
2021-04-12 12:47:12.108 END: completed in: 5ms, org.apache.isis.applib.value.Blob: #introspectUpTo( TYPE_INTROSPECTED )
2021-04-12 12:47:12.109 START: workQueue.size: 1, waited for: 2031ms, org.apache.isis.applib.value.Clob: #introspectUpTo( TYPE_INTROSPECTED )
2021-04-12 12:47:12.113 END: completed in: 4ms, org.apache.isis.applib.value.Clob: #introspectUpTo( TYPE_INTROSPECTED )
2021-04-12 12:47:12.114 START: workQueue.size: 1, waited for: 2036ms, org.apache.isis.applib.services.config.ConfigurationProperty: #introspectUpTo( TYPE_INTROSPECTED )
2021-04-12 12:47:12.147 END: completed in: 51ms, java.sql.Timestamp: #introspectUpTo( TYPE_INTROSPECTED )
2021-04-12 12:47:12.159 START: workQueue.size: 1, waited for: 2081ms, org.apache.isis.objectstore.jdo.applib.service.DomainChangeJdoAbstract: #introspectUpTo( TYPE_INTROSPECTED )
2021-04-12 12:47:12.177 END: completed in: 63ms, org.apache.isis.applib.services.config.ConfigurationProperty: #introspectUpTo( TYPE_INTROSPECTED )
2021-04-12 12:47:12.187 END: completed in: 28ms, org.apache.isis.objectstore.jdo.applib.service.DomainChangeJdoAbstract: #introspectUpTo( TYPE_INTROSPECTED )
2021-04-12 12:47:12.187 START: workQueue.size: 1, waited for: 2109ms, org.apache.isis.applib.fixturescripts.FixtureResult: #introspectUpTo( TYPE_INTROSPECTED )
2021-04-12 12:47:12.187 START: workQueue.size: 1, waited for: 2109ms, domainapp.application.services.homepage.HomePageViewModel: #introspectUpTo( TYPE_INTROSPECTED )
2021-04-12 12:47:12.192 END: completed in: 5ms, domainapp.application.services.homepage.HomePageViewModel: #introspectUpTo( TYPE_INTROSPECTED )
2021-04-12 12:47:12.193 START: workQueue.size: 1, waited for: 2115ms, domainapp.modules.simple.dom.impl.SimpleObject: #introspectUpTo( TYPE_INTROSPECTED )
2021-04-12 12:47:12.208 END: completed in: 21ms, org.apache.isis.applib.fixturescripts.FixtureResult: #introspectUpTo( TYPE_INTROSPECTED )
2021-04-12 12:47:12.208 START: workQueue.size: 1, waited for: 2130ms, org.apache.isis.applib.domain.DomainObjectList: #introspectUpTo( TYPE_INTROSPECTED )
2021-04-12 12:47:12.231 END: completed in: 38ms, domainapp.modules.simple.dom.impl.SimpleObject: #introspectUpTo( TYPE_INTROSPECTED )
2021-04-12 12:47:12.231 START: workQueue.size: 1, waited for: 2153ms, org.apache.isis.applib.fixturescripts.SimpleFixtureScript: #introspectUpTo( TYPE_INTROSPECTED )
2021-04-12 12:47:12.250 END: completed in: 19ms, org.apache.isis.applib.fixturescripts.SimpleFixtureScript: #introspectUpTo( TYPE_INTROSPECTED )
2021-04-12 12:47:12.250 START: workQueue.size: 1, waited for: 2172ms, org.apache.isis.applib.fixturescripts.DiscoverableFixtureScript: #introspectUpTo( TYPE_INTROSPECTED )
2021-04-12 12:47:12.254 END: completed in: 31ms, org.apache.isis.applib.domain.DomainObjectList: #introspectUpTo( TYPE_INTROSPECTED )
2021-04-12 12:47:12.255 START: workQueue.size: 1, waited for: 2177ms, org.apache.isis.applib.fixturescripts.FixtureScript: #introspectUpTo( TYPE_INTROSPECTED )
2021-04-12 12:47:12.259 END: completed in: 8ms, org.apache.isis.applib.fixturescripts.DiscoverableFixtureScript: #introspectUpTo( TYPE_INTROSPECTED )
2021-04-12 12:47:12.259 START: workQueue.size: 1, waited for: 2181ms, domainapp.application.fixture.scenarios.DomainAppDemo: #introspectUpTo( TYPE_INTROSPECTED )
2021-04-12 12:47:12.267 END: completed in: 8ms, domainapp.application.fixture.scenarios.DomainAppDemo: #introspectUpTo( TYPE_INTROSPECTED )
2021-04-12 12:47:12.267 START: workQueue.size: 1, waited for: 2189ms, org.apache.isis.applib.fixturescripts.FixtureResult: #introspectUpTo( TYPE_INTROSPECTED )
2021-04-12 12:47:12.267 END: completed in: 0ms, org.apache.isis.applib.fixturescripts.FixtureResult: #introspectUpTo( TYPE_INTROSPECTED )
2021-04-12 12:47:12.268 START: workQueue.size: 1, waited for: 2190ms, org.apache.isis.applib.fixturescripts.SimpleFixtureScript: #introspectUpTo( TYPE_INTROSPECTED )
2021-04-12 12:47:12.268 END: completed in: 0ms, org.apache.isis.applib.fixturescripts.SimpleFixtureScript: #introspectUpTo( TYPE_INTROSPECTED )
2021-04-12 12:47:12.298 END: completed in: 43ms, org.apache.isis.applib.fixturescripts.FixtureScript: #introspectUpTo( TYPE_INTROSPECTED )
2021-04-12 12:47:12.298 join'ing 148 tasks: waited 0 milliseconds 
2021-04-12 12:47:12.300 START: workQueue.size: 0, waited for: 1ms, org.apache.isis.core.runtime.system.session.IsisSessionFactory: #introspectUpTo( TYPE_AND_MEMBERS_INTROSPECTED )
2021-04-12 12:47:12.301 START: workQueue.size: 0, waited for: 2ms, org.apache.isis.core.runtime.system.persistence.PersistenceSessionFactory: #introspectUpTo( TYPE_AND_MEMBERS_INTROSPECTED )
2021-04-12 12:47:12.327 END: completed in: 27ms, org.apache.isis.core.runtime.system.session.IsisSessionFactory: #introspectUpTo( TYPE_AND_MEMBERS_INTROSPECTED )
2021-04-12 12:47:12.327 START: workQueue.size: 0, waited for: 28ms, org.apache.isis.core.metamodel.specloader.SpecificationLoader: #introspectUpTo( TYPE_AND_MEMBERS_INTROSPECTED )
2021-04-12 12:47:12.328 END: completed in: 1ms, org.apache.isis.core.metamodel.specloader.SpecificationLoader: #introspectUpTo( TYPE_AND_MEMBERS_INTROSPECTED )
2021-04-12 12:47:12.328 START: workQueue.size: 0, waited for: 29ms, org.apache.isis.core.runtime.authorization.standard.AuthorizationManagerStandard: #introspectUpTo( TYPE_AND_MEMBERS_INTROSPECTED )
2021-04-12 12:47:12.328 END: completed in: 0ms, org.apache.isis.core.runtime.authorization.standard.AuthorizationManagerStandard: #introspectUpTo( TYPE_AND_MEMBERS_INTROSPECTED )
2021-04-12 12:47:12.329 START: workQueue.size: 0, waited for: 29ms, org.apache.isis.core.runtime.authentication.standard.AuthenticationManagerStandard: #introspectUpTo( TYPE_AND_MEMBERS_INTROSPECTED )
2021-04-12 12:47:12.329 END: completed in: 1ms, org.apache.isis.core.runtime.authentication.standard.AuthenticationManagerStandard: #introspectUpTo( TYPE_AND_MEMBERS_INTROSPECTED )
2021-04-12 12:47:12.329 START: workQueue.size: 0, waited for: 30ms, org.apache.isis.core.commons.config.IsisConfigurationDefault: #introspectUpTo( TYPE_AND_MEMBERS_INTROSPECTED )
2021-04-12 12:47:12.329 END: completed in: 28ms, org.apache.isis.core.runtime.system.persistence.PersistenceSessionFactory: #introspectUpTo( TYPE_AND_MEMBERS_INTROSPECTED )
2021-04-12 12:47:12.330 END: completed in: 1ms, org.apache.isis.core.commons.config.IsisConfigurationDefault: #introspectUpTo( TYPE_AND_MEMBERS_INTROSPECTED )
2021-04-12 12:47:12.330 START: workQueue.size: 0, waited for: 31ms, org.apache.isis.core.runtime.services.deplcat.DeploymentCategoryProviderDefault: #introspectUpTo( TYPE_AND_MEMBERS_INTROSPECTED )
2021-04-12 12:47:12.330 END: completed in: 0ms, org.apache.isis.core.runtime.services.deplcat.DeploymentCategoryProviderDefault: #introspectUpTo( TYPE_AND_MEMBERS_INTROSPECTED )
2021-04-12 12:47:12.330 START: workQueue.size: 0, waited for: 31ms, org.apache.isis.objectstore.jdo.datanucleus.service.eventbus.EventBusServiceJdo: #introspectUpTo( TYPE_AND_MEMBERS_INTROSPECTED )
2021-04-12 12:47:12.331 END: completed in: 1ms, org.apache.isis.objectstore.jdo.datanucleus.service.eventbus.EventBusServiceJdo: #introspectUpTo( TYPE_AND_MEMBERS_INTROSPECTED )
2021-04-12 12:47:12.331 START: workQueue.size: 0, waited for: 32ms, org.apache.isis.applib.services.queryresultscache.QueryResultsCache$Control: #introspectUpTo( TYPE_AND_MEMBERS_INTROSPECTED )
2021-04-12 12:47:12.332 END: completed in: 1ms, org.apache.isis.applib.services.queryresultscache.QueryResultsCache$Control: #introspectUpTo( TYPE_AND_MEMBERS_INTROSPECTED )
2021-04-12 12:47:12.332 START: workQueue.size: 0, waited for: 33ms, domainapp.modules.simple.dom.impl.SimpleObjects: #introspectUpTo( TYPE_AND_MEMBERS_INTROSPECTED )
2021-04-12 12:47:12.336 START: workQueue.size: 0, waited for: 37ms, org.apache.isis.applib.services.fixturespec.FixtureScriptsDefault: #introspectUpTo( TYPE_AND_MEMBERS_INTROSPECTED )
2021-04-12 12:47:12.539 END: completed in: 206ms, domainapp.modules.simple.dom.impl.SimpleObjects: #introspectUpTo( TYPE_AND_MEMBERS_INTROSPECTED )
2021-04-12 12:47:12.539 START: workQueue.size: 0, waited for: 240ms, org.apache.isis.applib.services.layout.LayoutServiceMenu: #introspectUpTo( TYPE_AND_MEMBERS_INTROSPECTED )
2021-04-12 12:47:12.549 END: completed in: 213ms, org.apache.isis.applib.services.fixturespec.FixtureScriptsDefault: #introspectUpTo( TYPE_AND_MEMBERS_INTROSPECTED )
2021-04-12 12:47:12.549 START: workQueue.size: 0, waited for: 250ms, org.apache.isis.applib.services.metamodel.MetaModelServicesMenu: #introspectUpTo( TYPE_AND_MEMBERS_INTROSPECTED )
2021-04-12 12:47:13.256 END: completed in: 716ms, org.apache.isis.applib.services.layout.LayoutServiceMenu: #introspectUpTo( TYPE_AND_MEMBERS_INTROSPECTED )
2021-04-12 12:47:13.257 START: workQueue.size: 0, waited for: 958ms, org.apache.isis.applib.services.swagger.SwaggerServiceMenu: #introspectUpTo( TYPE_AND_MEMBERS_INTROSPECTED )
2021-04-12 12:47:13.259 END: completed in: 710ms, org.apache.isis.applib.services.metamodel.MetaModelServicesMenu: #introspectUpTo( TYPE_AND_MEMBERS_INTROSPECTED )
2021-04-12 12:47:13.268 START: workQueue.size: 0, waited for: 969ms, org.apache.isis.core.runtime.services.i18n.po.TranslationServicePoMenu: #introspectUpTo( TYPE_AND_MEMBERS_INTROSPECTED )
2021-04-12 12:47:13.324 END: completed in: 56ms, org.apache.isis.core.runtime.services.i18n.po.TranslationServicePoMenu: #introspectUpTo( TYPE_AND_MEMBERS_INTROSPECTED )
2021-04-12 12:47:13.325 START: workQueue.size: 0, waited for: 1026ms, org.apache.isis.applib.services.hsqldb.HsqlDbManagerMenu: #introspectUpTo( TYPE_AND_MEMBERS_INTROSPECTED )
2021-04-12 12:47:13.328 END: completed in: 3ms, org.apache.isis.applib.services.hsqldb.HsqlDbManagerMenu: #introspectUpTo( TYPE_AND_MEMBERS_INTROSPECTED )
2021-04-12 12:47:13.329 START: workQueue.size: 0, waited for: 1030ms, org.apache.isis.applib.services.config.ConfigurationServiceMenu: #introspectUpTo( TYPE_AND_MEMBERS_INTROSPECTED )
2021-04-12 12:47:13.336 END: completed in: 79ms, org.apache.isis.applib.services.swagger.SwaggerServiceMenu: #introspectUpTo( TYPE_AND_MEMBERS_INTROSPECTED )
2021-04-12 12:47:13.336 START: workQueue.size: 0, waited for: 1037ms, org.apache.isis.applib.conmap.ContentMappingServiceForCommandDto$CopyOverFromCommand: #introspectUpTo( TYPE_AND_MEMBERS_INTROSPECTED )
2021-04-12 12:47:13.337 END: completed in: 1ms, org.apache.isis.applib.conmap.ContentMappingServiceForCommandDto$CopyOverFromCommand: #introspectUpTo( TYPE_AND_MEMBERS_INTROSPECTED )
2021-04-12 12:47:13.337 START: workQueue.size: 0, waited for: 1038ms, domainapp.application.fixture.DomainAppFixtureScriptsSpecificationProvider: #introspectUpTo( TYPE_AND_MEMBERS_INTROSPECTED )
2021-04-12 12:47:13.337 END: completed in: 0ms, domainapp.application.fixture.DomainAppFixtureScriptsSpecificationProvider: #introspectUpTo( TYPE_AND_MEMBERS_INTROSPECTED )
2021-04-12 12:47:13.337 START: workQueue.size: 0, waited for: 1038ms, domainapp.application.services.health.HealthCheckServiceImpl: #introspectUpTo( TYPE_AND_MEMBERS_INTROSPECTED )
2021-04-12 12:47:13.338 END: completed in: 1ms, domainapp.application.services.health.HealthCheckServiceImpl: #introspectUpTo( TYPE_AND_MEMBERS_INTROSPECTED )
2021-04-12 12:47:13.338 START: workQueue.size: 0, waited for: 1039ms, domainapp.application.services.homepage.HomePageService: #introspectUpTo( TYPE_AND_MEMBERS_INTROSPECTED )
2021-04-12 12:47:13.344 END: completed in: 6ms, domainapp.application.services.homepage.HomePageService: #introspectUpTo( TYPE_AND_MEMBERS_INTROSPECTED )
2021-04-12 12:47:13.344 START: workQueue.size: 0, waited for: 1045ms, org.apache.isis.applib.services.dto.DtoMappingHelper: #introspectUpTo( TYPE_AND_MEMBERS_INTROSPECTED )
2021-04-12 12:47:13.344 END: completed in: 0ms, org.apache.isis.applib.services.dto.DtoMappingHelper: #introspectUpTo( TYPE_AND_MEMBERS_INTROSPECTED )
2021-04-12 12:47:13.345 START: workQueue.size: 0, waited for: 1046ms, org.apache.isis.core.runtime.services.background.CommandExecutorServiceDefault: #introspectUpTo( TYPE_AND_MEMBERS_INTROSPECTED )
2021-04-12 12:47:13.345 END: completed in: 0ms, org.apache.isis.core.runtime.services.background.CommandExecutorServiceDefault: #introspectUpTo( TYPE_AND_MEMBERS_INTROSPECTED )
2021-04-12 12:47:13.345 START: workQueue.size: 0, waited for: 1046ms, org.apache.isis.core.runtime.services.menubars.MenuBarsLoaderServiceDefault: #introspectUpTo( TYPE_AND_MEMBERS_INTROSPECTED )
2021-04-12 12:47:13.346 END: completed in: 1ms, org.apache.isis.core.runtime.services.menubars.MenuBarsLoaderServiceDefault: #introspectUpTo( TYPE_AND_MEMBERS_INTROSPECTED )
2021-04-12 12:47:13.346 START: workQueue.size: 0, waited for: 1047ms, org.apache.isis.core.runtime.services.menubars.bootstrap3.MenuBarsServiceBS3: #introspectUpTo( TYPE_AND_MEMBERS_INTROSPECTED )
2021-04-12 12:47:13.346 END: completed in: 0ms, org.apache.isis.core.runtime.services.menubars.bootstrap3.MenuBarsServiceBS3: #introspectUpTo( TYPE_AND_MEMBERS_INTROSPECTED )
2021-04-12 12:47:13.346 START: workQueue.size: 0, waited for: 1047ms, org.apache.isis.core.runtime.services.userprof.UserProfileServiceDefault: #introspectUpTo( TYPE_AND_MEMBERS_INTROSPECTED )
2021-04-12 12:47:13.348 END: completed in: 19ms, org.apache.isis.applib.services.config.ConfigurationServiceMenu: #introspectUpTo( TYPE_AND_MEMBERS_INTROSPECTED )
2021-04-12 12:47:13.348 START: workQueue.size: 0, waited for: 1049ms, org.apache.isis.viewer.restfulobjects.rendering.service.conneg.ContentNegotiationServiceXRoDomainType: #introspectUpTo( TYPE_AND_MEMBERS_INTROSPECTED )
2021-04-12 12:47:13.349 END: completed in: 1ms, org.apache.isis.viewer.restfulobjects.rendering.service.conneg.ContentNegotiationServiceXRoDomainType: #introspectUpTo( TYPE_AND_MEMBERS_INTROSPECTED )
2021-04-12 12:47:13.349 START: workQueue.size: 0, waited for: 1050ms, org.apache.isis.viewer.restfulobjects.rendering.service.conneg.ContentNegotiationServiceOrgApacheIsisV1: #introspectUpTo( TYPE_AND_MEMBERS_INTROSPECTED )
2021-04-12 12:47:13.349 END: completed in: 0ms, org.apache.isis.viewer.restfulobjects.rendering.service.conneg.ContentNegotiationServiceOrgApacheIsisV1: #introspectUpTo( TYPE_AND_MEMBERS_INTROSPECTED )
2021-04-12 12:47:13.350 START: workQueue.size: 0, waited for: 1051ms, org.apache.isis.core.runtime.services.message.MessageServiceDefault: #introspectUpTo( TYPE_AND_MEMBERS_INTROSPECTED )
2021-04-12 12:47:13.351 END: completed in: 1ms, org.apache.isis.core.runtime.services.message.MessageServiceDefault: #introspectUpTo( TYPE_AND_MEMBERS_INTROSPECTED )
2021-04-12 12:47:13.351 START: workQueue.size: 0, waited for: 1052ms, org.apache.isis.core.runtime.services.persistsession.PersistenceSessionServiceInternalDefault: #introspectUpTo( TYPE_AND_MEMBERS_INTROSPECTED )
2021-04-12 12:47:13.352 END: completed in: 1ms, org.apache.isis.core.runtime.services.persistsession.PersistenceSessionServiceInternalDefault: #introspectUpTo( TYPE_AND_MEMBERS_INTROSPECTED )
2021-04-12 12:47:13.352 START: workQueue.size: 0, waited for: 1053ms, org.apache.isis.applib.annotation.Bulk$InteractionContext: #introspectUpTo( TYPE_AND_MEMBERS_INTROSPECTED )
2021-04-12 12:47:13.352 END: completed in: 0ms, org.apache.isis.applib.annotation.Bulk$InteractionContext: #introspectUpTo( TYPE_AND_MEMBERS_INTROSPECTED )
2021-04-12 12:47:13.352 START: workQueue.size: 0, waited for: 1053ms, org.apache.isis.applib.conmap.ContentMappingServiceForCommandDto: #introspectUpTo( TYPE_AND_MEMBERS_INTROSPECTED )
2021-04-12 12:47:13.353 END: completed in: 1ms, org.apache.isis.applib.conmap.ContentMappingServiceForCommandDto: #introspectUpTo( TYPE_AND_MEMBERS_INTROSPECTED )
2021-04-12 12:47:13.353 START: workQueue.size: 0, waited for: 1054ms, org.apache.isis.applib.conmap.ContentMappingServiceForCommandsDto: #introspectUpTo( TYPE_AND_MEMBERS_INTROSPECTED )
2021-04-12 12:47:13.353 END: completed in: 0ms, org.apache.isis.applib.conmap.ContentMappingServiceForCommandsDto: #introspectUpTo( TYPE_AND_MEMBERS_INTROSPECTED )
2021-04-12 12:47:13.353 START: workQueue.size: 0, waited for: 1054ms, org.apache.isis.applib.fixturescripts.ExecutionParametersService: #introspectUpTo( TYPE_AND_MEMBERS_INTROSPECTED )
2021-04-12 12:47:13.354 END: completed in: 1ms, org.apache.isis.applib.fixturescripts.ExecutionParametersService: #introspectUpTo( TYPE_AND_MEMBERS_INTROSPECTED )
2021-04-12 12:47:13.354 START: workQueue.size: 0, waited for: 1055ms, org.apache.isis.applib.services.actinvoc.ActionInvocationContext: #introspectUpTo( TYPE_AND_MEMBERS_INTROSPECTED )
2021-04-12 12:47:13.354 END: completed in: 0ms, org.apache.isis.applib.services.actinvoc.ActionInvocationContext: #introspectUpTo( TYPE_AND_MEMBERS_INTROSPECTED )
2021-04-12 12:47:13.354 START: workQueue.size: 0, waited for: 1055ms, org.apache.isis.applib.services.audit.AuditerServiceLogging: #introspectUpTo( TYPE_AND_MEMBERS_INTROSPECTED )
2021-04-12 12:47:13.355 END: completed in: 1ms, org.apache.isis.applib.services.audit.AuditerServiceLogging: #introspectUpTo( TYPE_AND_MEMBERS_INTROSPECTED )
2021-04-12 12:47:13.355 START: workQueue.size: 0, waited for: 1056ms, org.apache.isis.applib.services.classdiscovery.ClassDiscoveryServiceUsingReflections: #introspectUpTo( TYPE_AND_MEMBERS_INTROSPECTED )
2021-04-12 12:47:13.355 END: completed in: 0ms, org.apache.isis.applib.services.classdiscovery.ClassDiscoveryServiceUsingReflections: #introspectUpTo( TYPE_AND_MEMBERS_INTROSPECTED )
2021-04-12 12:47:13.355 START: workQueue.size: 0, waited for: 1056ms, org.apache.isis.applib.services.clock.ClockService: #introspectUpTo( TYPE_AND_MEMBERS_INTROSPECTED )
2021-04-12 12:47:13.356 END: completed in: 1ms, org.apache.isis.applib.services.clock.ClockService: #introspectUpTo( TYPE_AND_MEMBERS_INTROSPECTED )
2021-04-12 12:47:13.356 START: workQueue.size: 0, waited for: 1057ms, org.apache.isis.applib.services.command.CommandContext: #introspectUpTo( TYPE_AND_MEMBERS_INTROSPECTED )
2021-04-12 12:47:13.356 END: completed in: 10ms, org.apache.isis.core.runtime.services.userprof.UserProfileServiceDefault: #introspectUpTo( TYPE_AND_MEMBERS_INTROSPECTED )
2021-04-12 12:47:13.357 START: workQueue.size: 0, waited for: 1058ms, org.apache.isis.applib.services.iactn.InteractionContext: #introspectUpTo( TYPE_AND_MEMBERS_INTROSPECTED )
2021-04-12 12:47:13.357 END: completed in: 0ms, org.apache.isis.applib.services.iactn.InteractionContext: #introspectUpTo( TYPE_AND_MEMBERS_INTROSPECTED )
2021-04-12 12:47:13.357 START: workQueue.size: 0, waited for: 1058ms, org.apache.isis.applib.services.publish.PublisherServiceLogging: #introspectUpTo( TYPE_AND_MEMBERS_INTROSPECTED )
2021-04-12 12:47:13.357 END: completed in: 0ms, org.apache.isis.applib.services.publish.PublisherServiceLogging: #introspectUpTo( TYPE_AND_MEMBERS_INTROSPECTED )
2021-04-12 12:47:13.358 START: workQueue.size: 0, waited for: 1059ms, org.apache.isis.applib.services.queryresultscache.QueryResultsCache: #introspectUpTo( TYPE_AND_MEMBERS_INTROSPECTED )
2021-04-12 12:47:13.358 END: completed in: 0ms, org.apache.isis.applib.services.queryresultscache.QueryResultsCache: #introspectUpTo( TYPE_AND_MEMBERS_INTROSPECTED )
2021-04-12 12:47:13.358 START: workQueue.size: 0, waited for: 1059ms, org.apache.isis.applib.services.routing.RoutingServiceDefault: #introspectUpTo( TYPE_AND_MEMBERS_INTROSPECTED )
2021-04-12 12:47:13.358 END: completed in: 0ms, org.apache.isis.applib.services.routing.RoutingServiceDefault: #introspectUpTo( TYPE_AND_MEMBERS_INTROSPECTED )
2021-04-12 12:47:13.359 START: workQueue.size: 0, waited for: 1060ms, org.apache.isis.applib.services.scratchpad.Scratchpad: #introspectUpTo( TYPE_AND_MEMBERS_INTROSPECTED )
2021-04-12 12:47:13.359 END: completed in: 0ms, org.apache.isis.applib.services.scratchpad.Scratchpad: #introspectUpTo( TYPE_AND_MEMBERS_INTROSPECTED )
2021-04-12 12:47:13.359 START: workQueue.size: 0, waited for: 1060ms, org.apache.isis.applib.services.tablecol.TableColumnOrderService$Default: #introspectUpTo( TYPE_AND_MEMBERS_INTROSPECTED )
2021-04-12 12:47:13.359 END: completed in: 0ms, org.apache.isis.applib.services.tablecol.TableColumnOrderService$Default: #introspectUpTo( TYPE_AND_MEMBERS_INTROSPECTED )
2021-04-12 12:47:13.360 START: workQueue.size: 0, waited for: 1060ms, org.apache.isis.applib.services.urlencoding.UrlEncodingServiceUsingBaseEncoding: #introspectUpTo( TYPE_AND_MEMBERS_INTROSPECTED )
2021-04-12 12:47:13.360 END: completed in: 1ms, org.apache.isis.applib.services.urlencoding.UrlEncodingServiceUsingBaseEncoding: #introspectUpTo( TYPE_AND_MEMBERS_INTROSPECTED )
2021-04-12 12:47:13.360 START: workQueue.size: 0, waited for: 1061ms, org.apache.isis.core.metamodel.services.appfeat.ApplicationFeatureFactory: #introspectUpTo( TYPE_AND_MEMBERS_INTROSPECTED )
2021-04-12 12:47:13.360 END: completed in: 0ms, org.apache.isis.core.metamodel.services.appfeat.ApplicationFeatureFactory: #introspectUpTo( TYPE_AND_MEMBERS_INTROSPECTED )
2021-04-12 12:47:13.360 START: workQueue.size: 0, waited for: 1061ms, org.apache.isis.core.metamodel.services.appfeat.ApplicationFeatureRepositoryDefault: #introspectUpTo( TYPE_AND_MEMBERS_INTROSPECTED )
2021-04-12 12:47:13.361 END: completed in: 1ms, org.apache.isis.core.metamodel.services.appfeat.ApplicationFeatureRepositoryDefault: #introspectUpTo( TYPE_AND_MEMBERS_INTROSPECTED )
2021-04-12 12:47:13.361 START: workQueue.size: 0, waited for: 1062ms, org.apache.isis.core.metamodel.services.bookmarks.BookmarkServiceInternalDefault: #introspectUpTo( TYPE_AND_MEMBERS_INTROSPECTED )
2021-04-12 12:47:13.361 END: completed in: 0ms, org.apache.isis.core.metamodel.services.bookmarks.BookmarkServiceInternalDefault: #introspectUpTo( TYPE_AND_MEMBERS_INTROSPECTED )
2021-04-12 12:47:13.361 START: workQueue.size: 0, waited for: 1062ms, org.apache.isis.core.metamodel.services.config.ConfigurationServiceDefault: #introspectUpTo( TYPE_AND_MEMBERS_INTROSPECTED )
2021-04-12 12:47:13.362 END: completed in: 1ms, org.apache.isis.core.metamodel.services.config.ConfigurationServiceDefault: #introspectUpTo( TYPE_AND_MEMBERS_INTROSPECTED )
2021-04-12 12:47:13.362 START: workQueue.size: 0, waited for: 1063ms, org.apache.isis.core.metamodel.services.container.DomainObjectContainerDefault: #introspectUpTo( TYPE_AND_MEMBERS_INTROSPECTED )
2021-04-12 12:47:13.362 END: completed in: 0ms, org.apache.isis.core.metamodel.services.container.DomainObjectContainerDefault: #introspectUpTo( TYPE_AND_MEMBERS_INTROSPECTED )
2021-04-12 12:47:13.362 START: workQueue.size: 0, waited for: 1063ms, org.apache.isis.core.metamodel.services.factory.FactoryServiceInternalDefault: #introspectUpTo( TYPE_AND_MEMBERS_INTROSPECTED )
2021-04-12 12:47:13.363 END: completed in: 1ms, org.apache.isis.core.metamodel.services.factory.FactoryServiceInternalDefault: #introspectUpTo( TYPE_AND_MEMBERS_INTROSPECTED )
2021-04-12 12:47:13.363 START: workQueue.size: 0, waited for: 1064ms, org.apache.isis.core.metamodel.services.grid.GridLoaderServiceDefault: #introspectUpTo( TYPE_AND_MEMBERS_INTROSPECTED )
2021-04-12 12:47:13.363 END: completed in: 0ms, org.apache.isis.core.metamodel.services.grid.GridLoaderServiceDefault: #introspectUpTo( TYPE_AND_MEMBERS_INTROSPECTED )
2021-04-12 12:47:13.363 START: workQueue.size: 0, waited for: 1064ms, org.apache.isis.core.metamodel.services.grid.GridServiceDefault: #introspectUpTo( TYPE_AND_MEMBERS_INTROSPECTED )
2021-04-12 12:47:13.364 END: completed in: 0ms, org.apache.isis.core.metamodel.services.grid.GridServiceDefault: #introspectUpTo( TYPE_AND_MEMBERS_INTROSPECTED )
2021-04-12 12:47:13.364 START: workQueue.size: 0, waited for: 1065ms, org.apache.isis.core.metamodel.services.grid.bootstrap3.GridSystemServiceBS3: #introspectUpTo( TYPE_AND_MEMBERS_INTROSPECTED )
2021-04-12 12:47:13.364 END: completed in: 0ms, org.apache.isis.core.metamodel.services.grid.bootstrap3.GridSystemServiceBS3: #introspectUpTo( TYPE_AND_MEMBERS_INTROSPECTED )
2021-04-12 12:47:13.364 START: workQueue.size: 0, waited for: 1065ms, org.apache.isis.core.metamodel.services.layout.LayoutServiceDefault: #introspectUpTo( TYPE_AND_MEMBERS_INTROSPECTED )
2021-04-12 12:47:13.364 END: completed in: 0ms, org.apache.isis.core.metamodel.services.layout.LayoutServiceDefault: #introspectUpTo( TYPE_AND_MEMBERS_INTROSPECTED )
2021-04-12 12:47:13.364 START: workQueue.size: 0, waited for: 1065ms, org.apache.isis.core.metamodel.services.message.MessageServiceNoop: #introspectUpTo( TYPE_AND_MEMBERS_INTROSPECTED )
2021-04-12 12:47:13.365 END: completed in: 1ms, org.apache.isis.core.metamodel.services.message.MessageServiceNoop: #introspectUpTo( TYPE_AND_MEMBERS_INTROSPECTED )
2021-04-12 12:47:13.365 START: workQueue.size: 0, waited for: 1066ms, org.apache.isis.core.metamodel.services.metamodel.MetaModelServiceDefault: #introspectUpTo( TYPE_AND_MEMBERS_INTROSPECTED )
2021-04-12 12:47:13.365 END: completed in: 0ms, org.apache.isis.core.metamodel.services.metamodel.MetaModelServiceDefault: #introspectUpTo( TYPE_AND_MEMBERS_INTROSPECTED )
2021-04-12 12:47:13.365 START: workQueue.size: 0, waited for: 1066ms, org.apache.isis.core.metamodel.services.persistsession.PersistenceSessionServiceInternalNoop: #introspectUpTo( TYPE_AND_MEMBERS_INTROSPECTED )
2021-04-12 12:47:13.366 END: completed in: 1ms, org.apache.isis.core.metamodel.services.persistsession.PersistenceSessionServiceInternalNoop: #introspectUpTo( TYPE_AND_MEMBERS_INTROSPECTED )
2021-04-12 12:47:13.366 START: workQueue.size: 0, waited for: 1067ms, org.apache.isis.core.metamodel.services.registry.ServiceRegistryDefault: #introspectUpTo( TYPE_AND_MEMBERS_INTROSPECTED )
2021-04-12 12:47:13.366 END: completed in: 0ms, org.apache.isis.core.metamodel.services.registry.ServiceRegistryDefault: #introspectUpTo( TYPE_AND_MEMBERS_INTROSPECTED )
2021-04-12 12:47:13.366 START: workQueue.size: 0, waited for: 1067ms, org.apache.isis.core.metamodel.services.repository.RepositoryServiceInternalDefault: #introspectUpTo( TYPE_AND_MEMBERS_INTROSPECTED )
2021-04-12 12:47:13.366 END: completed in: 0ms, org.apache.isis.core.metamodel.services.repository.RepositoryServiceInternalDefault: #introspectUpTo( TYPE_AND_MEMBERS_INTROSPECTED )
2021-04-12 12:47:13.366 START: workQueue.size: 0, waited for: 1067ms, org.apache.isis.core.metamodel.services.swagger.SwaggerServiceDefault: #introspectUpTo( TYPE_AND_MEMBERS_INTROSPECTED )
2021-04-12 12:47:13.367 END: completed in: 1ms, org.apache.isis.core.metamodel.services.swagger.SwaggerServiceDefault: #introspectUpTo( TYPE_AND_MEMBERS_INTROSPECTED )
2021-04-12 12:47:13.367 START: workQueue.size: 0, waited for: 1068ms, org.apache.isis.core.metamodel.services.title.TitleServiceDefault: #introspectUpTo( TYPE_AND_MEMBERS_INTROSPECTED )
2021-04-12 12:47:13.367 END: completed in: 0ms, org.apache.isis.core.metamodel.services.title.TitleServiceDefault: #introspectUpTo( TYPE_AND_MEMBERS_INTROSPECTED )
2021-04-12 12:47:13.367 END: completed in: 0ms, org.apache.isis.applib.services.command.CommandContext: #introspectUpTo( TYPE_AND_MEMBERS_INTROSPECTED )
2021-04-12 12:47:13.368 START: workQueue.size: 0, waited for: 1069ms, org.apache.isis.core.metamodel.services.user.UserServiceDefault: #introspectUpTo( TYPE_AND_MEMBERS_INTROSPECTED )
2021-04-12 12:47:13.368 END: completed in: 0ms, org.apache.isis.core.metamodel.services.user.UserServiceDefault: #introspectUpTo( TYPE_AND_MEMBERS_INTROSPECTED )
2021-04-12 12:47:13.368 START: workQueue.size: 0, waited for: 1069ms, org.apache.isis.core.metamodel.services.user.UserServiceDefault$SudoServiceSpi: #introspectUpTo( TYPE_AND_MEMBERS_INTROSPECTED )
2021-04-12 12:47:13.369 END: completed in: 1ms, org.apache.isis.core.metamodel.services.user.UserServiceDefault$SudoServiceSpi: #introspectUpTo( TYPE_AND_MEMBERS_INTROSPECTED )
2021-04-12 12:47:13.369 START: workQueue.size: 0, waited for: 1070ms, org.apache.isis.core.metamodel.services.xactn.TransactionServiceDefault: #introspectUpTo( TYPE_AND_MEMBERS_INTROSPECTED )
2021-04-12 12:47:13.369 END: completed in: 0ms, org.apache.isis.core.metamodel.services.xactn.TransactionServiceDefault: #introspectUpTo( TYPE_AND_MEMBERS_INTROSPECTED )
2021-04-12 12:47:13.369 START: workQueue.size: 0, waited for: 1070ms, org.apache.isis.core.runtime.services.auditing.AuditingServiceInternal: #introspectUpTo( TYPE_AND_MEMBERS_INTROSPECTED )
2021-04-12 12:47:13.369 END: completed in: 0ms, org.apache.isis.core.runtime.services.auditing.AuditingServiceInternal: #introspectUpTo( TYPE_AND_MEMBERS_INTROSPECTED )
2021-04-12 12:47:13.370 START: workQueue.size: 0, waited for: 1070ms, org.apache.isis.core.runtime.services.authsess.AuthenticationSessionProviderDefault: #introspectUpTo( TYPE_AND_MEMBERS_INTROSPECTED )
2021-04-12 12:47:13.370 END: completed in: 1ms, org.apache.isis.core.runtime.services.authsess.AuthenticationSessionProviderDefault: #introspectUpTo( TYPE_AND_MEMBERS_INTROSPECTED )
2021-04-12 12:47:13.370 START: workQueue.size: 0, waited for: 1071ms, org.apache.isis.core.runtime.services.background.BackgroundServiceDefault: #introspectUpTo( TYPE_AND_MEMBERS_INTROSPECTED )
2021-04-12 12:47:13.370 END: completed in: 0ms, org.apache.isis.core.runtime.services.background.BackgroundServiceDefault: #introspectUpTo( TYPE_AND_MEMBERS_INTROSPECTED )
2021-04-12 12:47:13.370 START: workQueue.size: 0, waited for: 1071ms, org.apache.isis.core.runtime.services.changes.ChangedObjectsServiceInternal: #introspectUpTo( TYPE_AND_MEMBERS_INTROSPECTED )
2021-04-12 12:47:13.371 END: completed in: 1ms, org.apache.isis.core.runtime.services.changes.ChangedObjectsServiceInternal: #introspectUpTo( TYPE_AND_MEMBERS_INTROSPECTED )
2021-04-12 12:47:13.371 START: workQueue.size: 0, waited for: 1072ms, org.apache.isis.core.runtime.services.command.CommandDtoServiceInternalDefault: #introspectUpTo( TYPE_AND_MEMBERS_INTROSPECTED )
2021-04-12 12:47:13.371 END: completed in: 0ms, org.apache.isis.core.runtime.services.command.CommandDtoServiceInternalDefault: #introspectUpTo( TYPE_AND_MEMBERS_INTROSPECTED )
2021-04-12 12:47:13.371 START: workQueue.size: 0, waited for: 1072ms, org.apache.isis.core.runtime.services.command.CommandServiceDefault: #introspectUpTo( TYPE_AND_MEMBERS_INTROSPECTED )
2021-04-12 12:47:13.372 END: completed in: 1ms, org.apache.isis.core.runtime.services.command.CommandServiceDefault: #introspectUpTo( TYPE_AND_MEMBERS_INTROSPECTED )
2021-04-12 12:47:13.372 START: workQueue.size: 0, waited for: 1073ms, org.apache.isis.core.runtime.services.email.EmailServiceDefault: #introspectUpTo( TYPE_AND_MEMBERS_INTROSPECTED )
2021-04-12 12:47:13.372 END: completed in: 0ms, org.apache.isis.core.runtime.services.email.EmailServiceDefault: #introspectUpTo( TYPE_AND_MEMBERS_INTROSPECTED )
2021-04-12 12:47:13.372 START: workQueue.size: 0, waited for: 1073ms, org.apache.isis.core.runtime.services.homepage.HomePageProviderServiceDefault: #introspectUpTo( TYPE_AND_MEMBERS_INTROSPECTED )
2021-04-12 12:47:13.372 END: completed in: 0ms, org.apache.isis.core.runtime.services.homepage.HomePageProviderServiceDefault: #introspectUpTo( TYPE_AND_MEMBERS_INTROSPECTED )
2021-04-12 12:47:13.373 START: workQueue.size: 0, waited for: 1074ms, org.apache.isis.core.runtime.services.i18n.po.TranslationServicePo: #introspectUpTo( TYPE_AND_MEMBERS_INTROSPECTED )
2021-04-12 12:47:13.373 END: completed in: 0ms, org.apache.isis.core.runtime.services.i18n.po.TranslationServicePo: #introspectUpTo( TYPE_AND_MEMBERS_INTROSPECTED )
2021-04-12 12:47:13.373 START: workQueue.size: 0, waited for: 1074ms, org.apache.isis.core.runtime.services.ixn.InteractionDtoServiceInternalDefault: #introspectUpTo( TYPE_AND_MEMBERS_INTROSPECTED )
2021-04-12 12:47:13.374 END: completed in: 0ms, org.apache.isis.core.runtime.services.ixn.InteractionDtoServiceInternalDefault: #introspectUpTo( TYPE_AND_MEMBERS_INTROSPECTED )
2021-04-12 12:47:13.374 START: workQueue.size: 0, waited for: 1075ms, org.apache.isis.core.runtime.services.memento.MementoServiceDefault: #introspectUpTo( TYPE_AND_MEMBERS_INTROSPECTED )
2021-04-12 12:47:13.374 END: completed in: 0ms, org.apache.isis.core.runtime.services.memento.MementoServiceDefault: #introspectUpTo( TYPE_AND_MEMBERS_INTROSPECTED )
2021-04-12 12:47:13.374 START: workQueue.size: 0, waited for: 1075ms, org.apache.isis.core.runtime.services.metrics.MetricsServiceDefault: #introspectUpTo( TYPE_AND_MEMBERS_INTROSPECTED )
2021-04-12 12:47:13.374 END: completed in: 0ms, org.apache.isis.core.runtime.services.metrics.MetricsServiceDefault: #introspectUpTo( TYPE_AND_MEMBERS_INTROSPECTED )
2021-04-12 12:47:13.374 START: workQueue.size: 0, waited for: 1075ms, org.apache.isis.core.runtime.services.publish.PublishingServiceInternalDefault: #introspectUpTo( TYPE_AND_MEMBERS_INTROSPECTED )
2021-04-12 12:47:13.375 END: completed in: 1ms, org.apache.isis.core.runtime.services.publish.PublishingServiceInternalDefault: #introspectUpTo( TYPE_AND_MEMBERS_INTROSPECTED )
2021-04-12 12:47:13.375 START: workQueue.size: 0, waited for: 1076ms, org.apache.isis.core.runtime.services.sessmgmt.SessionManagementServiceDefault: #introspectUpTo( TYPE_AND_MEMBERS_INTROSPECTED )
2021-04-12 12:47:13.375 END: completed in: 0ms, org.apache.isis.core.runtime.services.sessmgmt.SessionManagementServiceDefault: #introspectUpTo( TYPE_AND_MEMBERS_INTROSPECTED )
2021-04-12 12:47:13.375 START: workQueue.size: 0, waited for: 1076ms, org.apache.isis.core.runtime.services.sudo.SudoServiceDefault: #introspectUpTo( TYPE_AND_MEMBERS_INTROSPECTED )
2021-04-12 12:47:13.376 END: completed in: 1ms, org.apache.isis.core.runtime.services.sudo.SudoServiceDefault: #introspectUpTo( TYPE_AND_MEMBERS_INTROSPECTED )
2021-04-12 12:47:13.376 START: workQueue.size: 0, waited for: 1077ms, org.apache.isis.core.runtime.services.userreg.EmailNotificationServiceDefault: #introspectUpTo( TYPE_AND_MEMBERS_INTROSPECTED )
2021-04-12 12:47:13.376 END: completed in: 0ms, org.apache.isis.core.runtime.services.userreg.EmailNotificationServiceDefault: #introspectUpTo( TYPE_AND_MEMBERS_INTROSPECTED )
2021-04-12 12:47:13.376 START: workQueue.size: 0, waited for: 1077ms, org.apache.isis.core.runtime.services.xmlsnapshot.XmlSnapshotServiceDefault: #introspectUpTo( TYPE_AND_MEMBERS_INTROSPECTED )
2021-04-12 12:47:13.376 END: completed in: 0ms, org.apache.isis.core.runtime.services.xmlsnapshot.XmlSnapshotServiceDefault: #introspectUpTo( TYPE_AND_MEMBERS_INTROSPECTED )
2021-04-12 12:47:13.377 START: workQueue.size: 0, waited for: 1078ms, org.apache.isis.core.wrapper.WrapperFactoryDefault: #introspectUpTo( TYPE_AND_MEMBERS_INTROSPECTED )
2021-04-12 12:47:13.377 END: completed in: 0ms, org.apache.isis.core.wrapper.WrapperFactoryDefault: #introspectUpTo( TYPE_AND_MEMBERS_INTROSPECTED )
2021-04-12 12:47:13.377 START: workQueue.size: 0, waited for: 1078ms, org.apache.isis.objectstore.jdo.applib.service.exceprecog.ExceptionRecognizerCompositeForJdoObjectStore: #introspectUpTo( TYPE_AND_MEMBERS_INTROSPECTED )
2021-04-12 12:47:13.378 END: completed in: 1ms, org.apache.isis.objectstore.jdo.applib.service.exceprecog.ExceptionRecognizerCompositeForJdoObjectStore: #introspectUpTo( TYPE_AND_MEMBERS_INTROSPECTED )
2021-04-12 12:47:13.378 START: workQueue.size: 0, waited for: 1079ms, org.apache.isis.objectstore.jdo.datanucleus.service.support.IsisJdoSupportImpl: #introspectUpTo( TYPE_AND_MEMBERS_INTROSPECTED )
2021-04-12 12:47:13.378 END: completed in: 0ms, org.apache.isis.objectstore.jdo.datanucleus.service.support.IsisJdoSupportImpl: #introspectUpTo( TYPE_AND_MEMBERS_INTROSPECTED )
2021-04-12 12:47:13.378 START: workQueue.size: 0, waited for: 1079ms, org.apache.isis.objectstore.jdo.datanucleus.service.support.TimestampService: #introspectUpTo( TYPE_AND_MEMBERS_INTROSPECTED )
2021-04-12 12:47:13.379 END: completed in: 0ms, org.apache.isis.objectstore.jdo.datanucleus.service.support.TimestampService: #introspectUpTo( TYPE_AND_MEMBERS_INTROSPECTED )
2021-04-12 12:47:13.379 START: workQueue.size: 0, waited for: 1080ms, org.apache.isis.schema.services.jaxb.JaxbServiceDefault: #introspectUpTo( TYPE_AND_MEMBERS_INTROSPECTED )
2021-04-12 12:47:13.379 END: completed in: 0ms, org.apache.isis.schema.services.jaxb.JaxbServiceDefault: #introspectUpTo( TYPE_AND_MEMBERS_INTROSPECTED )
2021-04-12 12:47:13.379 START: workQueue.size: 0, waited for: 1080ms, org.apache.isis.viewer.restfulobjects.rendering.service.RepresentationServiceContentNegotiator: #introspectUpTo( TYPE_AND_MEMBERS_INTROSPECTED )
2021-04-12 12:47:13.379 END: completed in: 0ms, org.apache.isis.viewer.restfulobjects.rendering.service.RepresentationServiceContentNegotiator: #introspectUpTo( TYPE_AND_MEMBERS_INTROSPECTED )
2021-04-12 12:47:13.379 START: workQueue.size: 0, waited for: 1080ms, org.apache.isis.viewer.restfulobjects.rendering.service.RepresentationServiceForRestfulObjects: #introspectUpTo( TYPE_AND_MEMBERS_INTROSPECTED )
2021-04-12 12:47:13.380 END: completed in: 1ms, org.apache.isis.viewer.restfulobjects.rendering.service.RepresentationServiceForRestfulObjects: #introspectUpTo( TYPE_AND_MEMBERS_INTROSPECTED )
2021-04-12 12:47:13.380 START: workQueue.size: 0, waited for: 1081ms, org.apache.isis.viewer.restfulobjects.rendering.service.acceptheader.AcceptHeaderServiceForRest: #introspectUpTo( TYPE_AND_MEMBERS_INTROSPECTED )
2021-04-12 12:47:13.380 END: completed in: 0ms, org.apache.isis.viewer.restfulobjects.rendering.service.acceptheader.AcceptHeaderServiceForRest: #introspectUpTo( TYPE_AND_MEMBERS_INTROSPECTED )
2021-04-12 12:47:13.380 START: workQueue.size: 0, waited for: 1081ms, org.apache.isis.viewer.restfulobjects.rendering.service.conneg.ContentNegotiationServiceForRestfulObjectsV1_0: #introspectUpTo( TYPE_AND_MEMBERS_INTROSPECTED )
2021-04-12 12:47:13.380 END: completed in: 0ms, org.apache.isis.viewer.restfulobjects.rendering.service.conneg.ContentNegotiationServiceForRestfulObjectsV1_0: #introspectUpTo( TYPE_AND_MEMBERS_INTROSPECTED )
2021-04-12 12:47:13.381 START: workQueue.size: 0, waited for: 1082ms, org.apache.isis.viewer.wicket.viewer.services.BookmarkUiServiceWicket: #introspectUpTo( TYPE_AND_MEMBERS_INTROSPECTED )
2021-04-12 12:47:13.381 END: completed in: 0ms, org.apache.isis.viewer.wicket.viewer.services.BookmarkUiServiceWicket: #introspectUpTo( TYPE_AND_MEMBERS_INTROSPECTED )
2021-04-12 12:47:13.381 START: workQueue.size: 0, waited for: 1082ms, org.apache.isis.viewer.wicket.viewer.services.DeepLinkServiceWicket: #introspectUpTo( TYPE_AND_MEMBERS_INTROSPECTED )
2021-04-12 12:47:13.381 END: completed in: 0ms, org.apache.isis.viewer.wicket.viewer.services.DeepLinkServiceWicket: #introspectUpTo( TYPE_AND_MEMBERS_INTROSPECTED )
2021-04-12 12:47:13.381 START: workQueue.size: 0, waited for: 1082ms, org.apache.isis.viewer.wicket.viewer.services.GuiceBeanProviderWicket: #introspectUpTo( TYPE_AND_MEMBERS_INTROSPECTED )
2021-04-12 12:47:13.382 END: completed in: 1ms, org.apache.isis.viewer.wicket.viewer.services.GuiceBeanProviderWicket: #introspectUpTo( TYPE_AND_MEMBERS_INTROSPECTED )
2021-04-12 12:47:13.382 START: workQueue.size: 0, waited for: 1083ms, org.apache.isis.viewer.wicket.viewer.services.HintStoreUsingWicketSession: #introspectUpTo( TYPE_AND_MEMBERS_INTROSPECTED )
2021-04-12 12:47:13.382 END: completed in: 0ms, org.apache.isis.viewer.wicket.viewer.services.HintStoreUsingWicketSession: #introspectUpTo( TYPE_AND_MEMBERS_INTROSPECTED )
2021-04-12 12:47:13.382 START: workQueue.size: 0, waited for: 1083ms, org.apache.isis.viewer.wicket.viewer.services.LocaleProviderWicket: #introspectUpTo( TYPE_AND_MEMBERS_INTROSPECTED )
2021-04-12 12:47:13.383 START: workQueue.size: 0, waited for: 1084ms, org.apache.isis.viewer.wicket.viewer.services.TranslationsResolverWicket: #introspectUpTo( TYPE_AND_MEMBERS_INTROSPECTED )
2021-04-12 12:47:13.384 END: completed in: 1ms, org.apache.isis.viewer.wicket.viewer.services.TranslationsResolverWicket: #introspectUpTo( TYPE_AND_MEMBERS_INTROSPECTED )
2021-04-12 12:47:13.390 END: completed in: 8ms, org.apache.isis.viewer.wicket.viewer.services.LocaleProviderWicket: #introspectUpTo( TYPE_AND_MEMBERS_INTROSPECTED )
2021-04-12 12:47:13.390 join'ing 98 tasks: waited 0 milliseconds 
2021-04-12 12:47:13.392 START: workQueue.size: 0, waited for: 0ms, org.apache.isis.core.metamodel.services.jdosupport.Persistable_datanucleusIdLong: #introspectUpTo( TYPE_AND_MEMBERS_INTROSPECTED )
2021-04-12 12:47:13.400 END: completed in: 9ms, org.apache.isis.core.metamodel.services.jdosupport.Persistable_datanucleusIdLong: #introspectUpTo( TYPE_AND_MEMBERS_INTROSPECTED )
2021-04-12 12:47:13.400 START: workQueue.size: 0, waited for: 9ms, org.apache.isis.viewer.wicket.viewer.services.Object_clearHints: #introspectUpTo( TYPE_AND_MEMBERS_INTROSPECTED )
2021-04-12 12:47:13.403 END: completed in: 3ms, org.apache.isis.viewer.wicket.viewer.services.Object_clearHints: #introspectUpTo( TYPE_AND_MEMBERS_INTROSPECTED )
2021-04-12 12:47:13.403 START: workQueue.size: 0, waited for: 12ms, org.apache.isis.core.metamodel.services.jdosupport.Persistable_datanucleusVersionLong: #introspectUpTo( TYPE_AND_MEMBERS_INTROSPECTED )
2021-04-12 12:47:13.403 START: workQueue.size: 0, waited for: 12ms, org.apache.isis.applib.services.layout.Object_downloadLayoutXml: #introspectUpTo( TYPE_AND_MEMBERS_INTROSPECTED )
2021-04-12 12:47:13.413 END: completed in: 10ms, org.apache.isis.core.metamodel.services.jdosupport.Persistable_datanucleusVersionLong: #introspectUpTo( TYPE_AND_MEMBERS_INTROSPECTED )
2021-04-12 12:47:13.414 START: workQueue.size: 0, waited for: 23ms, org.apache.isis.applib.services.bookmark.BookmarkHolder_object: #introspectUpTo( TYPE_AND_MEMBERS_INTROSPECTED )
2021-04-12 12:47:13.415 END: completed in: 12ms, org.apache.isis.applib.services.layout.Object_downloadLayoutXml: #introspectUpTo( TYPE_AND_MEMBERS_INTROSPECTED )
2021-04-12 12:47:13.415 START: workQueue.size: 0, waited for: 24ms, org.apache.isis.applib.services.layout.Object_openRestApi: #introspectUpTo( TYPE_AND_MEMBERS_INTROSPECTED )
2021-04-12 12:47:13.416 END: completed in: 2ms, org.apache.isis.applib.services.bookmark.BookmarkHolder_object: #introspectUpTo( TYPE_AND_MEMBERS_INTROSPECTED )
2021-04-12 12:47:13.416 START: workQueue.size: 0, waited for: 25ms, org.apache.isis.core.metamodel.services.jdosupport.Persistable_downloadJdoMetadata: #introspectUpTo( TYPE_AND_MEMBERS_INTROSPECTED )
2021-04-12 12:47:13.418 END: completed in: 3ms, org.apache.isis.applib.services.layout.Object_openRestApi: #introspectUpTo( TYPE_AND_MEMBERS_INTROSPECTED )
2021-04-12 12:47:13.425 START: workQueue.size: 0, waited for: 34ms, org.apache.isis.applib.services.layout.Object_rebuildMetamodel: #introspectUpTo( TYPE_AND_MEMBERS_INTROSPECTED )
2021-04-12 12:47:13.428 END: completed in: 11ms, org.apache.isis.core.metamodel.services.jdosupport.Persistable_downloadJdoMetadata: #introspectUpTo( TYPE_AND_MEMBERS_INTROSPECTED )
2021-04-12 12:47:13.428 START: workQueue.size: 0, waited for: 37ms, org.apache.isis.applib.services.dto.Dto_downloadXsd: #introspectUpTo( TYPE_AND_MEMBERS_INTROSPECTED )
2021-04-12 12:47:13.428 END: completed in: 3ms, org.apache.isis.applib.services.layout.Object_rebuildMetamodel: #introspectUpTo( TYPE_AND_MEMBERS_INTROSPECTED )
2021-04-12 12:47:13.429 START: workQueue.size: 0, waited for: 37ms, org.apache.isis.core.metamodel.services.jdosupport.Persistable_datanucleusVersionTimestamp: #introspectUpTo( TYPE_AND_MEMBERS_INTROSPECTED )
2021-04-12 12:47:13.439 END: completed in: 11ms, org.apache.isis.core.metamodel.services.jdosupport.Persistable_datanucleusVersionTimestamp: #introspectUpTo( TYPE_AND_MEMBERS_INTROSPECTED )
2021-04-12 12:47:13.439 START: workQueue.size: 0, waited for: 48ms, org.apache.isis.applib.services.bookmark.BookmarkHolder_lookup: #introspectUpTo( TYPE_AND_MEMBERS_INTROSPECTED )
2021-04-12 12:47:13.442 END: completed in: 3ms, org.apache.isis.applib.services.bookmark.BookmarkHolder_lookup: #introspectUpTo( TYPE_AND_MEMBERS_INTROSPECTED )
2021-04-12 12:47:13.443 START: workQueue.size: 0, waited for: 51ms, org.apache.isis.applib.services.dto.Dto_downloadXml: #introspectUpTo( TYPE_AND_MEMBERS_INTROSPECTED )
2021-04-12 12:47:13.448 END: completed in: 5ms, org.apache.isis.applib.services.dto.Dto_downloadXml: #introspectUpTo( TYPE_AND_MEMBERS_INTROSPECTED )
2021-04-12 12:47:13.460 END: completed in: 32ms, org.apache.isis.applib.services.dto.Dto_downloadXsd: #introspectUpTo( TYPE_AND_MEMBERS_INTROSPECTED )
2021-04-12 12:47:13.460 join'ing 12 tasks: waited 0 milliseconds 
2021-04-12 12:47:13.461 END: completed in: 3681ms, SpecificationLoader#init()
2021-04-12 12:47:13.637 END: completed in: 3858ms, persistenceSessionFactory#init(...)
2021-04-12 12:47:13.637 join'ing 5 tasks: waited 0 milliseconds 
2021-04-12 12:47:14.074 join'ing 3 tasks: waited 0 milliseconds 
